[ Jul 06 2014 14:32:04 ] [/Applications/ezpublish-2014.03-0/apps/ezpublish/htdocs/ezpublish_legacy/lib/ezutils/classes/../../../var/cache/ini/menu-1531adaa95c7e960d332bd1d9a011565.php]
[ Jul 06 2014 14:32:18 ] [/Applications/ezpublish-2014.03-0/apps/ezpublish/htdocs/ezpublish_legacy/lib/ezutils/classes/../../../var/cache/ini/browse-7696938dd8e75b187d30b53f90459f13.php]
[ Jul 06 2014 14:32:18 ] [var/ezdemo_site/cache/template/compiled/browse-7a773af63871640def4354014f3aebd8.php]
[ Jul 06 2014 14:32:18 ] [var/ezdemo_site/cache/template/compiled/browse_mode_list-bfda290ed4c8330b363cf1223ac74d47.php]
[ Jul 06 2014 14:32:37 ] [/Applications/ezpublish-2014.03-0/apps/ezpublish/htdocs/ezpublish_legacy/lib/ezutils/classes/../../../var/cache/ini/ezflow-3021c05213d7e2d9b921f2198012c25d.php]
[ Jul 06 2014 14:32:37 ] [/Applications/ezpublish-2014.03-0/apps/ezpublish/htdocs/ezpublish_legacy/lib/ezutils/classes/../../../var/cache/ini/http-3225baf158e0959a4bf2e34ffa816773.php]
[ Jul 06 2014 14:32:37 ] [/Applications/ezpublish-2014.03-0/apps/ezpublish/htdocs/ezpublish_legacy/lib/ezutils/classes/../../../var/cache/ini/squid-01694440ef15180fe21e0c3d9e4aa7f9.php]
[ Jul 06 2014 14:32:37 ] [/Applications/ezpublish-2014.03-0/apps/ezpublish/htdocs/ezpublish_legacy/lib/ezutils/classes/../../../var/cache/ini/viewcache-1b0d0ba7fba73bd1f699d4a70b8476f8.php]
[ Jul 06 2014 14:32:37 ] [/Applications/ezpublish-2014.03-0/apps/ezpublish/htdocs/ezpublish_legacy/lib/ezutils/classes/../../../var/cache/ini/solr-231c55b73f554f54ce5050cb0e38fb44.php]
[ Jul 06 2014 14:32:37 ] [/Applications/ezpublish-2014.03-0/apps/ezpublish/htdocs/ezpublish_legacy/lib/ezutils/classes/../../../var/cache/ini/ezfind-51d7a7e1244e0385195415205348db89.php]
[ Jul 06 2014 14:32:37 ] [/Applications/ezpublish-2014.03-0/apps/ezpublish/htdocs/ezpublish_legacy/lib/ezutils/classes/../../../var/cache/ini/notification-214b7fabe84a7688653146e09de0671b.php]
[ Jul 06 2014 14:32:39 ] [/Applications/ezpublish-2014.03-0/apps/ezpublish/htdocs/ezpublish_legacy/lib/ezutils/classes/../../../var/cache/ini/zone-8397255b08fbe381eb3a7675d6c4aa7d.php]
[ Jul 06 2014 14:32:39 ] [/Applications/ezpublish-2014.03-0/apps/ezpublish/htdocs/ezpublish_legacy/lib/ezutils/classes/../../../var/cache/ini/block-cdce06d980891b20a1f71de97f7097ae.php]
[ Jul 06 2014 14:32:46 ] [var/ezdemo_site/cache/template/compiled/keyword-7e2bdcd01245adfc205c1db9faac769d.php]
[ Jul 06 2014 14:32:46 ] [/Applications/ezpublish-2014.03-0/apps/ezpublish/htdocs/ezpublish_legacy/lib/ezutils/classes/../../../var/cache/ini/transform-b583580df93e6f0570fa9159b00d80fe.php]
[ Jul 06 2014 14:32:46 ] [var/ezdemo_site/cache/trans/g-lowercase-635518252-utf-8.ctt.php]
[ Jul 06 2014 14:32:46 ] [var/ezdemo_site/cache/template/compiled/google-c92e434ed5a3cf4335631881e79939cc.php]
[ Jul 06 2014 14:32:49 ] [var/ezdemo_site/cache/template/compiled/blog_post-a27f8b24eec28d08ee5544517c8075ee.php]
[ Jul 06 2014 14:32:49 ] [var/ezdemo_site/cache/template/compiled/embed-326cf5deeaaccf9eab1422bc7bcec642.php]
[ Jul 06 2014 14:32:49 ] [var/ezdemo_site/cache/template/compiled/image-a4716752fcd0f34461ec1e8c871beee6.php]
[ Jul 06 2014 14:32:49 ] [var/ezdemo_site/cache/template/compiled/extra_info-3c3c8c841c9320cd6a2c34b9916706ef.php]
[ Jul 06 2014 14:32:49 ] [var/ezdemo_site/cache/template/compiled/calendar-74516ede33af28010e319f22dbd9ac34.php]
[ Jul 06 2014 14:32:49 ] [var/ezdemo_site/cache/sortkey_d5a38ace5a21e4c6d1a9bd431e602738.php]
[ Jul 06 2014 14:32:49 ] [/Applications/ezpublish-2014.03-0/apps/ezpublish/htdocs/ezpublish_legacy/lib/ezutils/classes/../../../var/cache/ini/i18n-213bfcee69270697acb37c0cc0b5e501.php]
[ Jul 06 2014 14:33:16 ] [/Applications/ezpublish-2014.03-0/apps/ezpublish/htdocs/ezpublish_legacy/lib/ezutils/classes/../../../var/cache/ini/texttoimage-ef35305fc682746509aee909b52b553f.php]
[ Jul 06 2014 14:33:17 ] [var/ezdemo_site/cache/template/compiled/view-20b63d3ec9c2db758a62596468cdb4f6.php]
[ Jul 06 2014 14:35:20 ] [var/ezdemo_site/cache/template/compiled/extensions-0b6e4a6a59914f08a0ef5d2db80b2f08.php]
[ Jul 06 2014 14:35:25 ] [var/ezdemo_site/cache/template/compiled/elevate-da7eb403044bf659eddc880b5e0cb218.php]
[ Jul 06 2014 14:35:25 ] [var/ezdemo_site/cache/template/compiled/backoffice_left_menu-83f5a14703438826c0e1d552cbf5a6e4.php]
[ Jul 06 2014 14:35:26 ] [/Applications/ezpublish-2014.03-0/apps/ezpublish/htdocs/ezpublish_legacy/lib/ezutils/classes/../../../var/cache/ini/eztags-28d3aacc59f714cbe591444d5925b112.php]
[ Jul 06 2014 14:35:26 ] [var/ezdemo_site/cache/template/compiled/dashboard-1a4caab8af27192a02ac49a9aac93d4d.php]
[ Jul 06 2014 14:35:26 ] [var/ezdemo_site/cache/template/compiled/latest_tags-7caf998ec5232a2b4f68e3ac9cbe99a2.php]
[ Jul 06 2014 14:35:26 ] [var/ezdemo_site/cache/template/compiled/tags_search-8ba1096f06409ae553e2f20e61bd437d.php]
[ Jul 06 2014 14:35:26 ] [var/ezdemo_site/cache/template/compiled/eztags_children-68ee2931cb7adb1fd60b3eaaa4ce084c.php]
[ Jul 06 2014 14:35:26 ] [var/ezdemo_site/cache/template/compiled/menu-6630c5abff99bd64bb1bd4c0efc19003.php]
[ Jul 06 2014 14:35:26 ] [var/ezdemo_site/cache/template/compiled/tags_structure_menu_dynamic-4b67b3f5672ffe2182e2661f79c203cf.php]
[ Jul 06 2014 14:35:41 ] [/Applications/ezpublish-2014.03-0/apps/ezpublish/htdocs/ezpublish_legacy/lib/ezutils/classes/../../../var/cache/ini/audit-c889ab10085d2ec5f3f4b742e2638503.php]
[ Jul 06 2014 14:35:41 ] [var/ezdemo_site/cache/template/compiled/page_toolbar-699f6e37ef185946cf531efd4cdbff90.php]
[ Jul 06 2014 14:35:41 ] [/Applications/ezpublish-2014.03-0/apps/ezpublish/htdocs/ezpublish_legacy/lib/ezutils/classes/../../../var/cache/ini/websitetoolbar-32741087b1a34b77388f3edfce5753c7.php]
[ Jul 06 2014 14:35:41 ] [var/ezdemo_site/cache/template/compiled/website_toolbar-cf55293aa82afe214f172a1cdc8abb04.php]
[ Jul 06 2014 14:35:41 ] [var/ezdemo_site/cache/template/compiled/logo-c08af630fe618aa05c4fe2e40efcb054.php]
[ Jul 06 2014 14:35:42 ] [var/ezdemo_site/cache/template/compiled/object_states-38d0a446fe8d37ac3c6831f16980068b.php]
[ Jul 06 2014 14:35:42 ] [var/ezdemo_site/cache/template/compiled/link-12fdf8fbe7d683e62f0820795855eccd.php]
[ Jul 06 2014 14:35:42 ] [/Applications/ezpublish-2014.03-0/apps/ezpublish/htdocs/ezpublish_legacy/lib/ezutils/classes/../../../var/cache/ini/timeline-b6c771d49546b96690e07025bbf2f953.php]
[ Jul 06 2014 14:35:42 ] [var/ezdemo_site/cache/template/compiled/timeline-3ac8df6fd41b237dfe7dba6122071e63.php]
[ Jul 06 2014 14:35:42 ] [var/ezdemo_site/cache/template/compiled/push-3069eb65bac61ce68f5bcb62e5c3f1cc.php]
[ Jul 06 2014 14:35:42 ] [var/ezdemo_site/cache/template/compiled/rss-5946a78a272658ce332b6fe529cb7774.php]
[ Jul 06 2014 14:35:42 ] [/Applications/ezpublish-2014.03-0/apps/ezpublish/htdocs/ezpublish_legacy/lib/ezutils/classes/../../../var/cache/ini/ezmultiupload-bdfa91a5c559036cb81ea1bd2a611f6e.php]
[ Jul 06 2014 14:35:42 ] [var/ezdemo_site/cache/template/compiled/ezmultiupload-3ec64efe59a58d63002ba26365ec6f62.php]
[ Jul 06 2014 14:35:42 ] [var/ezdemo_site/cache/template/compiled/help-e56959cc382aff12d5258c79ca6b7382.php]
[ Jul 06 2014 14:35:42 ] [var/ezdemo_site/cache/template/compiled/floating_toolbar-20f8fb747065541c080dd43f86c7a7d8.php]
[ Jul 06 2014 14:35:50 ] [var/ezdemo_site/cache/template/compiled/push-8b69b421f7613f4366bc10bf6955e55b.php]
[ Jul 06 2014 14:36:17 ] [/Applications/ezpublish-2014.03-0/apps/ezpublish/htdocs/ezpublish_legacy/lib/ezutils/classes/../../../var/cache/ini/site-991d0832cb51177c1a099746b66a0396.php]
[ Jul 06 2014 14:36:17 ] [/Applications/ezpublish-2014.03-0/apps/ezpublish/htdocs/ezpublish_legacy/lib/ezutils/classes/../../../var/cache/ini/site-9cb0e9631ed265dd09f7291efc783195.php]
[ Jul 06 2014 14:36:17 ] [var/ezdemo_site/cache/template/compiled/edit-31e13e9e90d0fb47f287f37f09ea9a11.php]
[ Jul 06 2014 14:36:17 ] [var/ezdemo_site/cache/template/compiled/website_toolbar_edit-96354ca7c4e9ee9afc91e10a306e90a2.php]
[ Jul 06 2014 14:36:17 ] [var/ezdemo_site/cache/template/compiled/edit_validation-bd39030942c898aaf8473ffbac3ab007.php]
[ Jul 06 2014 14:36:17 ] [var/ezdemo_site/cache/template/compiled/edit_attribute-8ecb1fbc7e6deebf5a3f402fadd5d6c9.php]
[ Jul 06 2014 14:36:17 ] [/Applications/ezpublish-2014.03-0/apps/ezpublish/htdocs/ezpublish_legacy/lib/ezutils/classes/../../../var/cache/ini/datatype-e0ad7b2194abb2685f21ae6bab983fa7.php]
[ Jul 06 2014 14:36:17 ] [var/ezdemo_site/cache/template/compiled/ezinisetting-f3e54eed73f5adfa346bb1710f2416cf.php]
[ Jul 06 2014 14:36:17 ] [/Applications/ezpublish-2014.03-0/apps/ezpublish/htdocs/ezpublish_legacy/lib/ezutils/classes/../../../var/cache/ini/units-8bea43b8d468ad266bd5a9f5c16ae6be.php]
[ Jul 06 2014 14:36:17 ] [var/ezdemo_site/cache/template/compiled/ezimage-939ec8b059717b52b69bbc5239717262.php]
[ Jul 06 2014 14:36:17 ] [var/ezdemo_site/cache/template/compiled/gui-b3fde1f9232a3d5b8c71bd081940ffcf.php]
[ Jul 06 2014 14:36:17 ] [var/ezdemo_site/cache/template/compiled/ezpackage-f5df5e4c37b6ba7e3ce9f0b3a4f06eb5.php]
[ Jul 06 2014 14:36:17 ] [/Applications/ezpublish-2014.03-0/apps/ezpublish/htdocs/ezpublish_legacy/lib/ezutils/classes/../../../var/cache/ini/package-85b61342337ad97a485fd626c3b215dc.php]
[ Jul 06 2014 14:36:18 ] [var/ezdemo_site/cache/template/compiled/ezurl-5391f42f22ba760fb4d3cffbca2b2b62.php]
[ Jul 06 2014 14:36:18 ] [var/ezdemo_site/cache/template/compiled/ezstring-e629ced818b3c2caba56876ee0b6d038.php]
[ Jul 06 2014 14:36:18 ] [var/ezdemo_site/cache/template/compiled/eztext-9d99ce2df7186a0be3e9def0a9acf3f8.php]
[ Jul 06 2014 14:36:18 ] [var/ezdemo_site/cache/template/compiled/ezboolean-a2a329fec5814b15958423f5c1ed1465.php]
[ Jul 06 2014 14:36:18 ] [var/ezdemo_site/cache/template/compiled/pagelayout-b5732ae47e8832fa037de263668bb358.php]
[ Jul 06 2014 14:36:45 ] [var/ezdemo_site/cache/template/compiled/2zoneslayout2-fe2a7815435380d29b4038b58f0f4784.php]
[ Jul 06 2014 14:36:45 ] [var/ezdemo_site/cache/template/compiled/highlighted_item-339fae3037130cf1c48a9296bed08b9d.php]
[ Jul 06 2014 14:36:45 ] [var/ezdemo_site/cache/template/compiled/content_grid_1col_4rows-ee16bb629165fd53c7db6a524c37c5a5.php]
[ Jul 06 2014 14:36:48 ] [var/ezdemo_site/cache/template/compiled/ezauthor-c2c9741d7799cad31d32b28b60fa7b7f.php]
[ Jul 06 2014 14:36:48 ] [var/ezdemo_site/cache/template/compiled/ezxmltext_ezoe-b7ea6fb3708c3481e7d1eb25ca331566.php]
[ Jul 06 2014 14:36:48 ] [/Applications/ezpublish-2014.03-0/apps/ezpublish/htdocs/ezpublish_legacy/lib/ezutils/classes/../../../var/cache/ini/ezoe-db0404c804da6197436890c63a73b482.php]
[ Jul 06 2014 14:36:48 ] [var/ezdemo_site/cache/template/compiled/ezdatetime-77a4174d8152e1f5d99c22f07fa00a5f.php]
[ Jul 06 2014 14:36:48 ] [var/ezdemo_site/cache/template/compiled/ezsrrating-835df0b817b80403c0736a5120810b32.php]
[ Jul 06 2014 14:36:48 ] [var/ezdemo_site/cache/template/compiled/ezkeyword-da06d950514d6365cccc70eea4af2902.php]
[ Jul 06 2014 14:36:48 ] [var/ezdemo_site/cache/template/compiled/ezgmaplocation-2f1a6d638b508479cc711166344ef17f.php]
[ Jul 06 2014 14:36:48 ] [var/ezdemo_site/cache/template/compiled/ezcomcomments-d7db37212ef8a3bc42a1f07854b05a05.php]
[ Jul 06 2014 14:36:52 ] [/Applications/ezpublish-2014.03-0/apps/ezpublish/htdocs/ezpublish_legacy/lib/ezutils/classes/../../../var/cache/ini/solr-9432fc0ab08af7696e91377dddde29e2.php]
[ Jul 06 2014 14:36:52 ] [/Applications/ezpublish-2014.03-0/apps/ezpublish/htdocs/ezpublish_legacy/lib/ezutils/classes/../../../var/cache/ini/ezfind-29cb2739a5a8a4ffdbc4179a45524a4b.php]
[ Jul 06 2014 14:37:02 ] [/Applications/ezpublish-2014.03-0/apps/ezpublish/htdocs/ezpublish_legacy/lib/ezutils/classes/../../../var/cache/ini/error-0ae7550af88197ba66ce7d69c352ddcc.php]
[ Jul 06 2014 14:37:02 ] [var/ezdemo_site/cache/template/compiled/login-5619f995c0b53c2bcea579b55dbc6b3c.php]
[ Jul 06 2014 14:37:02 ] [var/ezdemo_site/cache/template/compiled/1-e3722102c7776a87c24962a2cbe21c6e.php]
[ Jul 06 2014 14:37:18 ] [/Applications/ezpublish-2014.03-0/apps/ezpublish/htdocs/ezpublish_legacy/lib/ezutils/classes/../../../var/cache/ini/toolbar-9c180442e10d8546407ffa36b10d0020.php]
[ Jul 06 2014 14:37:19 ] [var/ezdemo_site/cache/template/compiled/pagelayout-1b9128e7982fd9d3f959d3459b9fa4f6.php]
[ Jul 06 2014 14:39:21 ] [var/ezdemo_site/cache/template/compiled/pagelayout-931c0da3ab72b03f79f1ca2fbe454520.php]
[ Jul 06 2014 14:39:21 ] [/Applications/ezpublish-2014.03-0/apps/ezpublish/htdocs/ezpublish_legacy/lib/ezutils/classes/../../../var/cache/ini/ger-DE-fa6bc3e97a9296f8b91b867cd3c88042.php]
[ Jul 06 2014 14:39:21 ] [/Applications/ezpublish-2014.03-0/apps/ezpublish/htdocs/ezpublish_legacy/lib/ezutils/classes/../../../var/cache/ini/ezjscore-f14de6726aa80543c557128ada746f85.php]
[ Jul 06 2014 14:39:21 ] [/Applications/ezpublish-2014.03-0/apps/ezpublish/htdocs/ezpublish_legacy/lib/ezutils/classes/../../../var/cache/ini/icon-ac9b5bb51d10e52617b5bd07fff22512.php]
[ Jul 06 2014 14:39:21 ] [/Applications/ezpublish-2014.03-0/apps/ezpublish/htdocs/ezpublish_legacy/lib/ezutils/classes/../../../var/cache/ini/icon-f8b4ef9a066cf07317bb2642af5e18dc.php]
[ Jul 06 2014 14:45:37 ] [var/cache//active_extensions_c80fe2ede097f6662ce050f63b240963.php]
[ Jul 06 2014 14:45:37 ] [/Applications/ezpublish-2014.03-0/apps/ezpublish/htdocs/ezpublish_legacy/lib/ezutils/classes/../../../var/cache/ini/override-7e2f0ab143892e8fe37311addb3c0850.php]
[ Jul 06 2014 14:45:37 ] [/Applications/ezpublish-2014.03-0/apps/ezpublish/htdocs/ezpublish_legacy/lib/ezutils/classes/../../../var/cache/ini/design-7f1c38d976dfaea699a6b8cb65b0ffef.php]
[ Jul 06 2014 14:45:37 ] [var/ezdemo_site/cache/override/override_fecfebad7a5323c33d9bc47122749f15.php]
[ Jul 06 2014 14:45:37 ] [var/ezdemo_site/cache/template/compiled/common.php]
[ Jul 06 2014 14:45:37 ] [var/ezdemo_site/cache/template/compiled/cache-a897a60085bb4cf5d4922a7e55d644d0.php]
[ Jul 06 2014 14:45:37 ] [/Applications/ezpublish-2014.03-0/apps/ezpublish/htdocs/ezpublish_legacy/lib/ezutils/classes/../../../var/cache/ini/menu-0c2b48f98b8d19403703472b9e834f78.php]
[ Jul 06 2014 14:45:37 ] [/Applications/ezpublish-2014.03-0/apps/ezpublish/htdocs/ezpublish_legacy/lib/ezutils/classes/../../../var/cache/ini/toolbar-f6de2b686a8f1b50164328981f48d66d.php]
[ Jul 06 2014 14:45:37 ] [var/ezdemo_site/cache/template/compiled/pagelayout-1b9128e7982fd9d3f959d3459b9fa4f6.php]
[ Jul 06 2014 14:45:37 ] [var/ezdemo_site/cache/template/compiled/page_head-a4aa62d21bee53dd2f80ae5151940f4c.php]
[ Jul 06 2014 14:45:37 ] [var/ezdemo_site/cache/template/compiled/canonical_link-fa321f08bdb709c6cb766622351552a8.php]
[ Jul 06 2014 14:45:37 ] [var/ezdemo_site/cache/template/compiled/link-aee2e089b712146a79abc4a6fb14f153.php]
[ Jul 06 2014 14:45:37 ] [var/ezdemo_site/cache/template/compiled/page_head_style-6b532998dcd7393a71d3ac66baebcee3.php]
[ Jul 06 2014 14:45:37 ] [/Applications/ezpublish-2014.03-0/apps/ezpublish/htdocs/ezpublish_legacy/lib/ezutils/classes/../../../var/cache/ini/ezjscore-3af7f849288c33f9010818fbdb843cc6.php]
[ Jul 06 2014 14:45:37 ] [var/ezdemo_site/cache/template/compiled/page_head_style_inline-b47a2a92690d36c46e1ee76773957d9b.php]
[ Jul 06 2014 14:45:38 ] [var/ezdemo_site/cache/template/compiled/page_head_script-fe1cbecafcbcc01a13df55f4d8dd732e.php]
[ Jul 06 2014 14:45:38 ] [var/ezdemo_site/cache/template/compiled/page_header-7307a8f957a6b4fde65f626f3b30f09c.php]
[ Jul 06 2014 14:45:38 ] [/Applications/ezpublish-2014.03-0/apps/ezpublish/htdocs/ezpublish_legacy/lib/ezutils/classes/../../../var/cache/ini/ezfind-75b2474d99836042f896f3841b4b8955.php]
[ Jul 06 2014 14:45:38 ] [var/ezdemo_site/cache/template/compiled/page_search-26135dc0d7d5f7092650773aec46266b.php]
[ Jul 06 2014 14:45:38 ] [var/ezdemo_site/cache/template/compiled/page_topmenu-c0a60faa8a9b1f08e9dd6f6158f14761.php]
[ Jul 06 2014 14:45:38 ] [var/ezdemo_site/cache/template/compiled/page_topmenuitem-513418db7a3e5e854fa83b6443726dd1.php]
[ Jul 06 2014 14:45:38 ] [var/ezdemo_site/cache/template/compiled/page_leftmenu-d5cd66c626b78574b970b4d9784df1c9.php]
[ Jul 06 2014 14:45:38 ] [var/ezdemo_site/cache/template/compiled/menu-2126e8941cea6d831742e023f9f37a55.php]
[ Jul 06 2014 14:45:38 ] [var/ezdemo_site/cache/template/compiled/ini_menu-550871c619be4d7b483ef4e06c68f75c.php]
[ Jul 06 2014 14:45:38 ] [var/ezdemo_site/cache/template/compiled/page_toppath-e04c129310139edc22e41e54c258059a.php]
[ Jul 06 2014 14:45:38 ] [var/ezdemo_site/cache/template/compiled/page_mainarea-c63760c009e90522b8b9ef1b5807aebc.php]
[ Jul 06 2014 14:45:38 ] [var/ezdemo_site/cache/template/compiled/page_copyright-c5f9cdf30e6cacf59ec003c1b839635a.php]
[ Jul 06 2014 14:45:38 ] [/Applications/ezpublish-2014.03-0/apps/ezpublish/htdocs/ezpublish_legacy/lib/ezutils/classes/../../../var/cache/ini/admininterface-e01ac0ef37b45da7fff921e83007f2ec.php]
[ Jul 06 2014 14:45:38 ] [var/ezdemo_site/cache/template/compiled/popup_menu-f97d8df56fba76b13f5f4923621ae7d6.php]
[ Jul 06 2014 14:45:38 ] [/Applications/ezpublish-2014.03-0/apps/ezpublish/htdocs/ezpublish_legacy/lib/ezutils/classes/../../../var/cache/ini/ger-DE-38bd444463eb97f54dcb397d7e3c6692.php]
[ Jul 06 2014 14:45:38 ] [var/ezdemo_site/cache/template/compiled/popup_context_menu-385303cc745cf00f2251be997e11fd50.php]
[ Jul 06 2014 14:45:38 ] [var/ezdemo_site/cache/template/compiled/oocontextmenu-babfc602857082bf37026bed13f01fdf.php]
[ Jul 06 2014 14:45:38 ] [var/ezdemo_site/cache/template/compiled/ezflcontextmenu-ae7596ae85b78c1048fd74ce65f5a428.php]
[ Jul 06 2014 14:45:38 ] [var/ezdemo_site/cache/template/compiled/ezfindcontextmenu-99c4af996e2446fb3e42aaa9c4d8959d.php]
[ Jul 06 2014 14:45:38 ] [var/ezdemo_site/cache/template/compiled/ezmucontextmenu-713ff2fdfb49878b8b27b0b651a84070.php]
[ Jul 06 2014 14:45:38 ] [var/ezdemo_site/cache/template/compiled/popup_subitems_menu-dc15a5df1f1d1437f8fb05a1e720ce80.php]
[ Jul 06 2014 14:45:38 ] [var/ezdemo_site/cache/template/compiled/oosubitemscontextmenu-c5e96224be17293cfac1f4fd240c6992.php]
[ Jul 06 2014 14:45:38 ] [var/ezdemo_site/cache/template/compiled/ezflsubitemscontextmenu-a18428c435d667cf5cfe4248687ec2ed.php]
[ Jul 06 2014 14:45:38 ] [var/ezdemo_site/cache/template/compiled/ezfindsubitemscontextmenu-c896d6608db06b1d96f0dc4f2f8e82ce.php]
[ Jul 06 2014 14:45:38 ] [var/ezdemo_site/cache/template/compiled/ezmusubitemscontextmenu-ec6861be50afcea3f151f3bd4176d4a6.php]
[ Jul 06 2014 14:45:38 ] [var/ezdemo_site/cache/template/compiled/popup_class_menu-d6d94f2aa8244847d5177b8fc540e5c9.php]
[ Jul 06 2014 14:45:38 ] [var/ezdemo_site/cache/template/compiled/popup_bookmark_menu-5ba451fc4e71fd27e990b7e9e0b33bbb.php]
[ Jul 06 2014 14:45:38 ] [var/ezdemo_site/cache/template/compiled/oocontextsubmenu-3226ddf731659c319bd6978129555fb9.php]
[ Jul 06 2014 14:45:38 ] [var/ezdemo_site/cache/template/compiled/ezflcontextsubmenu-c950a836d128380446c88f4167431728.php]
[ Jul 06 2014 14:45:38 ] [var/ezdemo_site/cache/template/compiled/popup_tag_menu-ff17bacb1444e3a03f416ba0a99d4f8c.php]
[ Jul 06 2014 14:45:38 ] [var/ezdemo_site/cache/template/compiled/ezfindcontextsubmenu-ee24b1d431312d08264d667c6acbc3d4.php]
[ Jul 06 2014 14:45:38 ] [var/ezdemo_site/cache/template/compiled/popup_sub_createhere_menu-739222d6a4fabd78c9a454f8c1bdc48a.php]
[ Jul 06 2014 14:45:38 ] [var/ezdemo_site/cache/template/compiled/popup_sub_edit_menu-15872fb8af41c2dc17a1f20b7d392cc5.php]
[ Jul 06 2014 14:45:38 ] [var/ezdemo_site/cache/template/compiled/popup_sub_advance_menu-9037b4177199a688fb87dd447a71ce35.php]
[ Jul 06 2014 14:45:38 ] [var/ezdemo_site/cache/template/compiled/popup_sub_editclass_menu-b393c5e7cadd6345a32abb5640981d37.php]
[ Jul 06 2014 14:45:38 ] [var/ezdemo_site/cache/template/compiled/popup_sub_siteaccess_menus-1210cb5d5f53db447ce19a66bb01bfb8.php]
[ Jul 06 2014 14:45:40 ] [/Applications/ezpublish-2014.03-0/apps/ezpublish/htdocs/ezpublish_legacy/lib/ezutils/classes/../../../var/cache/ini/site-c1623af31c16fc3ffee5a05097e95dd6.php]
[ Jul 06 2014 14:45:40 ] [/Applications/ezpublish-2014.03-0/apps/ezpublish/htdocs/ezpublish_legacy/lib/ezutils/classes/../../../var/cache/ini/i18n-678d2accc237fa9079b9b3abc491748f.php]
[ Jul 06 2014 14:45:40 ] [/Applications/ezpublish-2014.03-0/apps/ezpublish/htdocs/ezpublish_legacy/lib/ezutils/classes/../../../var/cache/ini/i18n-f7061ade0fe840d15a8c81f654b48eb1.php]
[ Jul 06 2014 14:45:40 ] [/Applications/ezpublish-2014.03-0/apps/ezpublish/htdocs/ezpublish_legacy/lib/ezutils/classes/../../../var/cache/ini/file-33c0d0b2750379ea6bbc0a7c3b47cab4.php]
[ Jul 06 2014 14:45:40 ] [/Applications/ezpublish-2014.03-0/apps/ezpublish/htdocs/ezpublish_legacy/lib/ezutils/classes/../../../var/cache/ini/debug-30b58d57277a91a861853a35747eb10e.php]
[ Jul 06 2014 14:45:40 ] [/Applications/ezpublish-2014.03-0/apps/ezpublish/htdocs/ezpublish_legacy/lib/ezutils/classes/../../../var/cache/ini/site-d4101089b7aceedb4486e12b269f0d49.php]
[ Jul 06 2014 14:45:40 ] [/Applications/ezpublish-2014.03-0/apps/ezpublish/htdocs/ezpublish_legacy/lib/ezutils/classes/../../../var/cache/ini/template-d98c52ea5269657ffd81d2c8814ff40e.php]
[ Jul 06 2014 14:45:40 ] [/Applications/ezpublish-2014.03-0/apps/ezpublish/htdocs/ezpublish_legacy/lib/ezutils/classes/../../../var/cache/ini/site-80332f2de5bbb9ba7b45139e3a988ca7.php]
[ Jul 06 2014 14:45:40 ] [/Applications/ezpublish-2014.03-0/apps/ezpublish/htdocs/ezpublish_legacy/lib/ezutils/classes/../../../var/cache/ini/module-bdeaf19e33680d9ec15de453c4bcb756.php]
[ Jul 06 2014 14:45:40 ] [/Applications/ezpublish-2014.03-0/apps/ezpublish/htdocs/ezpublish_legacy/lib/ezutils/classes/../../../var/cache/ini/debug-d297d076ca17b19cc35d1dc3db08713b.php]
[ Jul 06 2014 14:45:40 ] [/Applications/ezpublish-2014.03-0/apps/ezpublish/htdocs/ezpublish_legacy/lib/ezutils/classes/../../../var/cache/ini/eng-GB-ed8ab811d09cf04fdb67e50982475436.php]
[ Jul 06 2014 14:45:40 ] [/Applications/ezpublish-2014.03-0/apps/ezpublish/htdocs/ezpublish_legacy/lib/ezutils/classes/../../../var/cache/ini/template-534a663df806e450f615bc590e719c35.php]
[ Jul 06 2014 14:45:40 ] [/Applications/ezpublish-2014.03-0/apps/ezpublish/htdocs/ezpublish_legacy/lib/ezutils/classes/../../../var/cache/ini/file-d75dafd3239808a5f02ed0d1edf7575e.php]
[ Jul 06 2014 14:45:40 ] [var/ezdemo_site/cache/statelimitations_d5a38ace5a21e4c6d1a9bd431e602738.php]
[ Jul 06 2014 14:45:40 ] [/Applications/ezpublish-2014.03-0/apps/ezpublish/htdocs/ezpublish_legacy/lib/ezutils/classes/../../../var/cache/ini/content-234dde21d16847359bba72eede79309b.php]
[ Jul 06 2014 14:45:40 ] [/Applications/ezpublish-2014.03-0/apps/ezpublish/htdocs/ezpublish_legacy/lib/ezutils/classes/../../../var/cache/ini/workflow-af3a4a8ba01c714a139ec88922b8b061.php]
[ Jul 06 2014 14:45:40 ] [/Applications/ezpublish-2014.03-0/apps/ezpublish/htdocs/ezpublish_legacy/lib/ezutils/classes/../../../var/cache/ini/override-1c9e861a5d244dc4fe77a401c553d94b.php]
[ Jul 06 2014 14:45:40 ] [/Applications/ezpublish-2014.03-0/apps/ezpublish/htdocs/ezpublish_legacy/lib/ezutils/classes/../../../var/cache/ini/design-4bd7a5d8d54d4e244e345320c64edd05.php]
[ Jul 06 2014 14:45:40 ] [var/ezdemo_site/cache/override/override_f76880e104575d0ad7832e1ab296d189.php]
[ Jul 06 2014 14:45:40 ] [var/ezdemo_site/cache/template/compiled/landing_page-f10e7b45f9e05b8b7230f0c6131c447f.php]
[ Jul 06 2014 14:45:40 ] [var/ezdemo_site/cache/template/compiled/ezpage-4369911ea61c0ff81ba546a07a2f3385.php]
[ Jul 06 2014 14:45:40 ] [/Applications/ezpublish-2014.03-0/apps/ezpublish/htdocs/ezpublish_legacy/lib/ezutils/classes/../../../var/cache/ini/zone-a3b71f8cff0921aae28f02bf1f798299.php]
[ Jul 06 2014 14:45:40 ] [var/ezdemo_site/cache/template/compiled/2zoneslayout1-dc854a0bf70fbc6e0ea7e394efbff064.php]
[ Jul 06 2014 14:45:40 ] [var/ezdemo_site/cache/template/compiled/zone_block-da84c12e4a7c5295d3f0aa6ed25b309b.php]
[ Jul 06 2014 14:45:40 ] [var/ezdemo_site/cache/template/compiled/zone_block_top-35caac2074716f859d26a87dd9594f76.php]
[ Jul 06 2014 14:45:40 ] [/Applications/ezpublish-2014.03-0/apps/ezpublish/htdocs/ezpublish_legacy/lib/ezutils/classes/../../../var/cache/ini/block-e81cc9d6242bf8fa0f0175ce4f6e3de3.php]
[ Jul 06 2014 14:45:40 ] [var/ezdemo_site/cache/template/compiled/campaign-eccc4c3b506f0026337dcbac347b04e5.php]
[ Jul 06 2014 14:45:40 ] [var/ezdemo_site/cache/template/compiled/article-59859c683fc58dd4a6e88c3ca5545971.php]
[ Jul 06 2014 14:45:41 ] [/Applications/ezpublish-2014.03-0/apps/ezpublish/htdocs/ezpublish_legacy/lib/ezutils/classes/../../../var/cache/ini/image-a3edaeee0648e4d6889dab01ca9b3dc0.php]
[ Jul 06 2014 14:45:41 ] [/Applications/ezpublish-2014.03-0/apps/ezpublish/htdocs/ezpublish_legacy/lib/ezutils/classes/../../../var/cache/ini/mime-30b8ada99aca14e9c4db2ddda2d39c07.php]
[ Jul 06 2014 14:45:41 ] [/Applications/ezpublish-2014.03-0/apps/ezpublish/htdocs/ezpublish_legacy/lib/ezutils/classes/../../../var/cache/ini/ezxml-e5959ec6c4468c56be6f350236b6a4e4.php]
[ Jul 06 2014 14:45:41 ] [var/ezdemo_site/cache/template/compiled/ezxmltext-3f6fb0e0ccf0e0cad359b6d102a17a88.php]
[ Jul 06 2014 14:45:41 ] [var/ezdemo_site/cache/template/compiled/line-99a40ba86aa99094e2553a52c8b35529.php]
[ Jul 06 2014 14:45:41 ] [var/ezdemo_site/cache/template/compiled/paragraph-36f978e3701add855440ab7723385693.php]
[ Jul 06 2014 14:45:41 ] [var/ezdemo_site/cache/template/compiled/zone_block_bottom-6ec10338d1099475c534d50dfc486384.php]
[ Jul 06 2014 14:45:41 ] [var/ezdemo_site/cache/template/compiled/content_grid_2cols_2rows-bfcde6dc78e0e948ef9ce482f8a5e72e.php]
[ Jul 06 2014 14:45:41 ] [var/ezdemo_site/cache/template/compiled/article-7c908188e86f4f4ddfd756779e9b0651.php]
[ Jul 06 2014 14:45:41 ] [var/ezdemo_site/cache/classidentifiers_d5a38ace5a21e4c6d1a9bd431e602738.php]
[ Jul 06 2014 14:45:41 ] [var/ezdemo_site/cache/template/compiled/ezimage-3f84e035780cf1eba304bef7262f5f5f.php]
[ Jul 06 2014 14:45:41 ] [var/ezdemo_site/cache/template/compiled/gallery-0fa1b4397a7fcc8cea74198950901a80.php]
[ Jul 06 2014 14:45:41 ] [var/ezdemo_site/cache/template/compiled/gallery_viewer-c3bb489e9096f26fb4ae318139540f6f.php]
[ Jul 06 2014 14:45:42 ] [var/ezdemo_site/cache/template/compiled/link-3bafd176785e1b7ae637be109687cd36.php]
[ Jul 06 2014 14:45:42 ] [var/ezdemo_site/cache/template/compiled/gallery_item-4b0a7942c024b202da302e3327fe8ba0.php]
[ Jul 06 2014 14:45:44 ] [var/ezdemo_site/cache/template/compiled/item_list-a172d7e646bba25fb67bbe48341928c7.php]
[ Jul 06 2014 14:45:44 ] [var/ezdemo_site/cache/template/compiled/tag_cloud-ab61837b3b121b219046875238344c72.php]
[ Jul 06 2014 14:45:44 ] [var/ezdemo_site/cache/template/compiled/tagcloud-43ced472daf405c6568340dff976d140.php]
[ Jul 06 2014 14:45:45 ] [var/ezdemo_site/cache/template/compiled/content_grid_1col_2rows-7381a70a5c2fee919a5c812b48d961d9.php]
[ Jul 06 2014 14:45:45 ] [var/ezdemo_site/cache/template/compiled/call_to_action-aa99b4d4b65c6f7959dad822c61c4df6.php]
[ Jul 06 2014 14:45:45 ] [var/ezdemo_site/cache/template/compiled/product-5fa7afd4a915e30f68f79f7c84078906.php]
[ Jul 06 2014 14:45:45 ] [var/ezdemo_site/cache/template/compiled/feed_reader-fee2b62bfcc8212657184d25d464556c.php]
[ Jul 06 2014 14:45:46 ] [var/ezdemo_site/cache/template/compiled/video-5bab3c165005e533c68283690632c50e.php]
[ Jul 06 2014 14:45:46 ] [/Applications/ezpublish-2014.03-0/apps/ezpublish/htdocs/ezpublish_legacy/lib/ezutils/classes/../../../var/cache/ini/menu-90290ab63cd17dd04462748130fbf5b3.php]
[ Jul 06 2014 14:45:46 ] [var/ezdemo_site/cache/template/compiled/pagelayout-b5732ae47e8832fa037de263668bb358.php]
[ Jul 06 2014 14:45:46 ] [var/ezdemo_site/cache/template/compiled/page_head_displaystyles-6df7c8ffcff96e83e163a49379494769.php]
[ Jul 06 2014 14:45:46 ] [/Applications/ezpublish-2014.03-0/apps/ezpublish/htdocs/ezpublish_legacy/lib/ezutils/classes/../../../var/cache/ini/ger-DE-51dd9e2b35ab6f5760aae84102341ead.php]
[ Jul 06 2014 14:45:46 ] [var/ezdemo_site/cache/template/compiled/page_head-9104d1dfd37b7bc89f99c06dd9f2782b.php]
[ Jul 06 2014 14:45:46 ] [var/ezdemo_site/cache/template/compiled/canonical_link-a321f6d22bc5e807784ddd3cc9925b20.php]
[ Jul 06 2014 14:45:46 ] [var/ezdemo_site/cache/template/compiled/link-497eaf25c11049fa3a1cb76522bc6c4d.php]
[ Jul 06 2014 14:45:46 ] [var/ezdemo_site/cache/template/compiled/page_head_style-1362cda8122ac89736bbfb2da8dbd77a.php]
[ Jul 06 2014 14:45:46 ] [/Applications/ezpublish-2014.03-0/apps/ezpublish/htdocs/ezpublish_legacy/lib/ezutils/classes/../../../var/cache/ini/ezjscore-109d753556bb78d2d99b7df48ae902e3.php]
[ Jul 06 2014 14:45:46 ] [var/ezdemo_site/cache/template/compiled/page_head_script-c041e299345e587224245c8f25dc70fc.php]
[ Jul 06 2014 14:45:46 ] [var/ezdemo_site/cache/template/compiled/page_header-6bbf8fc1e4603b180df110f317c028a7.php]
[ Jul 06 2014 14:45:46 ] [var/ezdemo_site/cache/template/compiled/page_header_languages-0a95ed48d261c7eb3d275adde498c167.php]
[ Jul 06 2014 14:45:46 ] [/Applications/ezpublish-2014.03-0/apps/ezpublish/htdocs/ezpublish_legacy/lib/ezutils/classes/../../../var/cache/ini/site-76d95dfa676b9e2358324e37f15507d6.php]
[ Jul 06 2014 14:45:46 ] [/Applications/ezpublish-2014.03-0/apps/ezpublish/htdocs/ezpublish_legacy/lib/ezutils/classes/../../../var/cache/ini/site-7130b236616c40c44269e17c078e5e70.php]
[ Jul 06 2014 14:45:46 ] [/Applications/ezpublish-2014.03-0/apps/ezpublish/htdocs/ezpublish_legacy/lib/ezutils/classes/../../../var/cache/ini/icon-d7811be64752111477a02da9bd86086e.php]
[ Jul 06 2014 14:45:46 ] [/Applications/ezpublish-2014.03-0/apps/ezpublish/htdocs/ezpublish_legacy/lib/ezutils/classes/../../../var/cache/ini/icon-795c46affeb8e390c7b97b5aaaa8a07d.php]
[ Jul 06 2014 14:45:46 ] [var/ezdemo_site/cache/template/compiled/page_header_links-9ba92b9ff8db850151ac6f3b4d4cd001.php]
[ Jul 06 2014 14:45:46 ] [var/ezdemo_site/cache/template/compiled/page_header_logo-78e847093cb0599556d7d48c29ecf620.php]
[ Jul 06 2014 14:45:46 ] [var/ezdemo_site/cache/template/compiled/page_header_searchbox-2d081092aecdea726005af526d8b2788.php]
[ Jul 06 2014 14:45:46 ] [var/ezdemo_site/cache/template/compiled/page_topmenu-3bd3e21c2a938c07d2ff25cb3e8c7b6d.php]
[ Jul 06 2014 14:45:46 ] [var/ezdemo_site/cache/template/compiled/double_top-609325f5c95f2d40f1784b46f951c9fc.php]
[ Jul 06 2014 14:45:46 ] [var/ezdemo_site/cache/template/compiled/page_toppath-4c5fbb1ef158d2a0335777ee4d8ba120.php]
[ Jul 06 2014 14:45:46 ] [var/ezdemo_site/cache/template/compiled/path-4118599b4190db4945668068bca36326.php]
[ Jul 06 2014 14:45:46 ] [var/ezdemo_site/cache/template/compiled/page_mainarea-ac853396a54b8d704c2b71ec5d680ab1.php]
[ Jul 06 2014 14:45:46 ] [var/ezdemo_site/cache/template/compiled/page_footer-f4bd4f1b2f412d1f024256e717b5e71d.php]
[ Jul 06 2014 14:45:46 ] [var/ezdemo_site/cache/template/compiled/address-9212bd83e8c0b607b09604583e53f663.php]
[ Jul 06 2014 14:45:46 ] [var/ezdemo_site/cache/template/compiled/latest_news-48d84d66522d6afbee6d59cf5c275ec2.php]
[ Jul 06 2014 14:45:47 ] [var/ezdemo_site/cache/template/compiled/links-b3234e4b918ccd693b5efa8882298dcb.php]
[ Jul 06 2014 14:45:47 ] [var/ezdemo_site/cache/template/compiled/li-03654fa352522457772887d64fde26b6.php]
[ Jul 06 2014 14:45:47 ] [var/ezdemo_site/cache/template/compiled/ul-c8c8a4b2d23ace5aa608bfc489dc328f.php]
[ Jul 06 2014 14:45:47 ] [var/ezdemo_site/cache/template/compiled/page_footer_script-e64c9399b12e89ac03e3fb8037b207ff.php]
[ Jul 06 2014 14:45:47 ] [/Applications/ezpublish-2014.03-0/apps/ezpublish/htdocs/ezpublish_legacy/lib/ezutils/classes/../../../var/cache/ini/mime-90963e8775e6e9ad0b12f0a99295e7a1.php]
[ Jul 06 2014 14:46:39 ] [/Applications/ezpublish-2014.03-0/apps/ezpublish/htdocs/ezpublish_legacy/lib/ezutils/classes/../../../var/cache/ini/menu-d96eb56d1121c8ab203f802fc7f90446.php]
[ Jul 06 2014 14:46:39 ] [/Applications/ezpublish-2014.03-0/apps/ezpublish/htdocs/ezpublish_legacy/lib/ezutils/classes/../../../var/cache/ini/design-6c11c2671f3cf42a30a8d003f96a840d.php]
[ Jul 06 2014 14:46:47 ] [/Applications/ezpublish-2014.03-0/apps/ezpublish/htdocs/ezpublish_legacy/lib/ezutils/classes/../../../var/cache/ini/site-9c2739528f5677af1e371bab0e418e04.php]
[ Jul 06 2014 14:46:47 ] [/Applications/ezpublish-2014.03-0/apps/ezpublish/htdocs/ezpublish_legacy/lib/ezutils/classes/../../../var/cache/ini/module-32b3cf69973bf28c50c0a81bdc2e3411.php]
[ Jul 06 2014 14:46:47 ] [/Applications/ezpublish-2014.03-0/apps/ezpublish/htdocs/ezpublish_legacy/lib/ezutils/classes/../../../var/cache/ini/file-9486eca1dc1b6202a041cdf8321fd6f1.php]
[ Jul 06 2014 14:46:47 ] [/Applications/ezpublish-2014.03-0/apps/ezpublish/htdocs/ezpublish_legacy/lib/ezutils/classes/../../../var/cache/ini/debug-b49f831ee9908b7a3472f74102d255ef.php]
[ Jul 06 2014 14:46:47 ] [/Applications/ezpublish-2014.03-0/apps/ezpublish/htdocs/ezpublish_legacy/lib/ezutils/classes/../../../var/cache/ini/eng-GB-f4be26b3704b3cfd958d3f4e4859b824.php]
[ Jul 06 2014 14:46:47 ] [/Applications/ezpublish-2014.03-0/apps/ezpublish/htdocs/ezpublish_legacy/lib/ezutils/classes/../../../var/cache/ini/template-9820931710aa275b502e715efec888fa.php]
[ Jul 06 2014 14:46:47 ] [/Applications/ezpublish-2014.03-0/apps/ezpublish/htdocs/ezpublish_legacy/lib/ezutils/classes/../../../var/cache/ini/texttoimage-ef35305fc682746509aee909b52b553f.php]
[ Jul 06 2014 14:46:47 ] [var/cache//active_extensions_c80fe2ede097f6662ce050f63b240963.php]
[ Jul 06 2014 14:46:47 ] [/Applications/ezpublish-2014.03-0/apps/ezpublish/htdocs/ezpublish_legacy/lib/ezutils/classes/../../../var/cache/ini/override-7e2f0ab143892e8fe37311addb3c0850.php]
[ Jul 06 2014 14:46:47 ] [/Applications/ezpublish-2014.03-0/apps/ezpublish/htdocs/ezpublish_legacy/lib/ezutils/classes/../../../var/cache/ini/design-7f1c38d976dfaea699a6b8cb65b0ffef.php]
[ Jul 06 2014 14:46:47 ] [var/ezdemo_site/cache/override/override_fecfebad7a5323c33d9bc47122749f15.php]
[ Jul 06 2014 14:46:47 ] [var/ezdemo_site/cache/template/compiled/common.php]
[ Jul 06 2014 14:46:47 ] [var/ezdemo_site/cache/template/compiled/cache-a897a60085bb4cf5d4922a7e55d644d0.php]
[ Jul 06 2014 14:46:47 ] [/Applications/ezpublish-2014.03-0/apps/ezpublish/htdocs/ezpublish_legacy/lib/ezutils/classes/../../../var/cache/ini/menu-0c2b48f98b8d19403703472b9e834f78.php]
[ Jul 06 2014 14:46:47 ] [/Applications/ezpublish-2014.03-0/apps/ezpublish/htdocs/ezpublish_legacy/lib/ezutils/classes/../../../var/cache/ini/toolbar-f6de2b686a8f1b50164328981f48d66d.php]
[ Jul 06 2014 14:46:47 ] [var/ezdemo_site/cache/template/compiled/pagelayout-1b9128e7982fd9d3f959d3459b9fa4f6.php]
[ Jul 06 2014 14:46:47 ] [var/ezdemo_site/cache/template/compiled/page_head-a4aa62d21bee53dd2f80ae5151940f4c.php]
[ Jul 06 2014 14:46:47 ] [var/ezdemo_site/cache/template/compiled/canonical_link-fa321f08bdb709c6cb766622351552a8.php]
[ Jul 06 2014 14:46:47 ] [var/ezdemo_site/cache/template/compiled/link-aee2e089b712146a79abc4a6fb14f153.php]
[ Jul 06 2014 14:46:47 ] [var/ezdemo_site/cache/template/compiled/page_head_style-6b532998dcd7393a71d3ac66baebcee3.php]
[ Jul 06 2014 14:46:47 ] [/Applications/ezpublish-2014.03-0/apps/ezpublish/htdocs/ezpublish_legacy/lib/ezutils/classes/../../../var/cache/ini/ezjscore-3af7f849288c33f9010818fbdb843cc6.php]
[ Jul 06 2014 14:46:47 ] [var/ezdemo_site/cache/template/compiled/page_head_style_inline-b47a2a92690d36c46e1ee76773957d9b.php]
[ Jul 06 2014 14:46:47 ] [var/ezdemo_site/cache/template/compiled/page_head_script-fe1cbecafcbcc01a13df55f4d8dd732e.php]
[ Jul 06 2014 14:46:47 ] [var/ezdemo_site/cache/template/compiled/page_header-7307a8f957a6b4fde65f626f3b30f09c.php]
[ Jul 06 2014 14:46:47 ] [/Applications/ezpublish-2014.03-0/apps/ezpublish/htdocs/ezpublish_legacy/lib/ezutils/classes/../../../var/cache/ini/ezfind-75b2474d99836042f896f3841b4b8955.php]
[ Jul 06 2014 14:46:47 ] [var/ezdemo_site/cache/template/compiled/page_search-26135dc0d7d5f7092650773aec46266b.php]
[ Jul 06 2014 14:46:47 ] [var/ezdemo_site/cache/template/compiled/page_topmenu-c0a60faa8a9b1f08e9dd6f6158f14761.php]
[ Jul 06 2014 14:46:47 ] [var/ezdemo_site/cache/template/compiled/page_topmenuitem-513418db7a3e5e854fa83b6443726dd1.php]
[ Jul 06 2014 14:46:47 ] [var/ezdemo_site/cache/template/compiled/page_leftmenu-d5cd66c626b78574b970b4d9784df1c9.php]
[ Jul 06 2014 14:46:47 ] [var/ezdemo_site/cache/template/compiled/menu-2126e8941cea6d831742e023f9f37a55.php]
[ Jul 06 2014 14:46:48 ] [var/ezdemo_site/cache/template/compiled/ini_menu-550871c619be4d7b483ef4e06c68f75c.php]
[ Jul 06 2014 14:46:48 ] [var/ezdemo_site/cache/template/compiled/page_toppath-e04c129310139edc22e41e54c258059a.php]
[ Jul 06 2014 14:46:48 ] [var/ezdemo_site/cache/template/compiled/page_mainarea-c63760c009e90522b8b9ef1b5807aebc.php]
[ Jul 06 2014 14:46:48 ] [var/ezdemo_site/cache/template/compiled/page_copyright-c5f9cdf30e6cacf59ec003c1b839635a.php]
[ Jul 06 2014 14:46:48 ] [/Applications/ezpublish-2014.03-0/apps/ezpublish/htdocs/ezpublish_legacy/lib/ezutils/classes/../../../var/cache/ini/admininterface-e01ac0ef37b45da7fff921e83007f2ec.php]
[ Jul 06 2014 14:46:48 ] [var/ezdemo_site/cache/template/compiled/popup_menu-f97d8df56fba76b13f5f4923621ae7d6.php]
[ Jul 06 2014 14:46:48 ] [/Applications/ezpublish-2014.03-0/apps/ezpublish/htdocs/ezpublish_legacy/lib/ezutils/classes/../../../var/cache/ini/ger-DE-38bd444463eb97f54dcb397d7e3c6692.php]
[ Jul 06 2014 14:46:48 ] [var/ezdemo_site/cache/template/compiled/popup_context_menu-385303cc745cf00f2251be997e11fd50.php]
[ Jul 06 2014 14:46:48 ] [var/ezdemo_site/cache/template/compiled/oocontextmenu-babfc602857082bf37026bed13f01fdf.php]
[ Jul 06 2014 14:46:48 ] [var/ezdemo_site/cache/template/compiled/ezflcontextmenu-ae7596ae85b78c1048fd74ce65f5a428.php]
[ Jul 06 2014 14:46:48 ] [var/ezdemo_site/cache/template/compiled/ezfindcontextmenu-99c4af996e2446fb3e42aaa9c4d8959d.php]
[ Jul 06 2014 14:46:48 ] [var/ezdemo_site/cache/template/compiled/ezmucontextmenu-713ff2fdfb49878b8b27b0b651a84070.php]
[ Jul 06 2014 14:46:48 ] [var/ezdemo_site/cache/template/compiled/popup_subitems_menu-dc15a5df1f1d1437f8fb05a1e720ce80.php]
[ Jul 06 2014 14:46:48 ] [var/ezdemo_site/cache/template/compiled/oosubitemscontextmenu-c5e96224be17293cfac1f4fd240c6992.php]
[ Jul 06 2014 14:46:48 ] [var/ezdemo_site/cache/template/compiled/ezflsubitemscontextmenu-a18428c435d667cf5cfe4248687ec2ed.php]
[ Jul 06 2014 14:46:48 ] [var/ezdemo_site/cache/template/compiled/ezfindsubitemscontextmenu-c896d6608db06b1d96f0dc4f2f8e82ce.php]
[ Jul 06 2014 14:46:48 ] [var/ezdemo_site/cache/template/compiled/ezmusubitemscontextmenu-ec6861be50afcea3f151f3bd4176d4a6.php]
[ Jul 06 2014 14:46:48 ] [var/ezdemo_site/cache/template/compiled/popup_class_menu-d6d94f2aa8244847d5177b8fc540e5c9.php]
[ Jul 06 2014 14:46:48 ] [var/ezdemo_site/cache/template/compiled/popup_bookmark_menu-5ba451fc4e71fd27e990b7e9e0b33bbb.php]
[ Jul 06 2014 14:46:48 ] [var/ezdemo_site/cache/template/compiled/oocontextsubmenu-3226ddf731659c319bd6978129555fb9.php]
[ Jul 06 2014 14:46:48 ] [var/ezdemo_site/cache/template/compiled/ezflcontextsubmenu-c950a836d128380446c88f4167431728.php]
[ Jul 06 2014 14:46:48 ] [var/ezdemo_site/cache/template/compiled/popup_tag_menu-ff17bacb1444e3a03f416ba0a99d4f8c.php]
[ Jul 06 2014 14:46:48 ] [var/ezdemo_site/cache/template/compiled/ezfindcontextsubmenu-ee24b1d431312d08264d667c6acbc3d4.php]
[ Jul 06 2014 14:46:48 ] [var/ezdemo_site/cache/template/compiled/popup_sub_createhere_menu-739222d6a4fabd78c9a454f8c1bdc48a.php]
[ Jul 06 2014 14:46:48 ] [var/ezdemo_site/cache/template/compiled/popup_sub_edit_menu-15872fb8af41c2dc17a1f20b7d392cc5.php]
[ Jul 06 2014 14:46:48 ] [var/ezdemo_site/cache/template/compiled/popup_sub_advance_menu-9037b4177199a688fb87dd447a71ce35.php]
[ Jul 06 2014 14:46:48 ] [var/ezdemo_site/cache/template/compiled/popup_sub_editclass_menu-b393c5e7cadd6345a32abb5640981d37.php]
[ Jul 06 2014 14:46:48 ] [var/ezdemo_site/cache/template/compiled/popup_sub_siteaccess_menus-1210cb5d5f53db447ce19a66bb01bfb8.php]
[ Jul 06 2014 14:46:50 ] [/Applications/ezpublish-2014.03-0/apps/ezpublish/htdocs/ezpublish_legacy/lib/ezutils/classes/../../../var/cache/ini/site-c1623af31c16fc3ffee5a05097e95dd6.php]
[ Jul 06 2014 14:46:50 ] [/Applications/ezpublish-2014.03-0/apps/ezpublish/htdocs/ezpublish_legacy/lib/ezutils/classes/../../../var/cache/ini/i18n-678d2accc237fa9079b9b3abc491748f.php]
[ Jul 06 2014 14:46:50 ] [/Applications/ezpublish-2014.03-0/apps/ezpublish/htdocs/ezpublish_legacy/lib/ezutils/classes/../../../var/cache/ini/i18n-f7061ade0fe840d15a8c81f654b48eb1.php]
[ Jul 06 2014 14:46:50 ] [/Applications/ezpublish-2014.03-0/apps/ezpublish/htdocs/ezpublish_legacy/lib/ezutils/classes/../../../var/cache/ini/file-33c0d0b2750379ea6bbc0a7c3b47cab4.php]
[ Jul 06 2014 14:46:50 ] [/Applications/ezpublish-2014.03-0/apps/ezpublish/htdocs/ezpublish_legacy/lib/ezutils/classes/../../../var/cache/ini/debug-30b58d57277a91a861853a35747eb10e.php]
[ Jul 06 2014 14:46:50 ] [/Applications/ezpublish-2014.03-0/apps/ezpublish/htdocs/ezpublish_legacy/lib/ezutils/classes/../../../var/cache/ini/site-d4101089b7aceedb4486e12b269f0d49.php]
[ Jul 06 2014 14:46:50 ] [/Applications/ezpublish-2014.03-0/apps/ezpublish/htdocs/ezpublish_legacy/lib/ezutils/classes/../../../var/cache/ini/template-d98c52ea5269657ffd81d2c8814ff40e.php]
[ Jul 06 2014 14:46:50 ] [/Applications/ezpublish-2014.03-0/apps/ezpublish/htdocs/ezpublish_legacy/lib/ezutils/classes/../../../var/cache/ini/site-80332f2de5bbb9ba7b45139e3a988ca7.php]
[ Jul 06 2014 14:46:50 ] [/Applications/ezpublish-2014.03-0/apps/ezpublish/htdocs/ezpublish_legacy/lib/ezutils/classes/../../../var/cache/ini/module-bdeaf19e33680d9ec15de453c4bcb756.php]
[ Jul 06 2014 14:46:50 ] [/Applications/ezpublish-2014.03-0/apps/ezpublish/htdocs/ezpublish_legacy/lib/ezutils/classes/../../../var/cache/ini/debug-d297d076ca17b19cc35d1dc3db08713b.php]
[ Jul 06 2014 14:46:50 ] [/Applications/ezpublish-2014.03-0/apps/ezpublish/htdocs/ezpublish_legacy/lib/ezutils/classes/../../../var/cache/ini/eng-GB-ed8ab811d09cf04fdb67e50982475436.php]
[ Jul 06 2014 14:46:50 ] [/Applications/ezpublish-2014.03-0/apps/ezpublish/htdocs/ezpublish_legacy/lib/ezutils/classes/../../../var/cache/ini/template-534a663df806e450f615bc590e719c35.php]
[ Jul 06 2014 14:46:50 ] [/Applications/ezpublish-2014.03-0/apps/ezpublish/htdocs/ezpublish_legacy/lib/ezutils/classes/../../../var/cache/ini/file-d75dafd3239808a5f02ed0d1edf7575e.php]
[ Jul 06 2014 14:46:50 ] [var/ezdemo_site/cache/statelimitations_d5a38ace5a21e4c6d1a9bd431e602738.php]
[ Jul 06 2014 14:46:50 ] [/Applications/ezpublish-2014.03-0/apps/ezpublish/htdocs/ezpublish_legacy/lib/ezutils/classes/../../../var/cache/ini/content-234dde21d16847359bba72eede79309b.php]
[ Jul 06 2014 14:46:50 ] [/Applications/ezpublish-2014.03-0/apps/ezpublish/htdocs/ezpublish_legacy/lib/ezutils/classes/../../../var/cache/ini/workflow-af3a4a8ba01c714a139ec88922b8b061.php]
[ Jul 06 2014 14:46:50 ] [/Applications/ezpublish-2014.03-0/apps/ezpublish/htdocs/ezpublish_legacy/lib/ezutils/classes/../../../var/cache/ini/override-1c9e861a5d244dc4fe77a401c553d94b.php]
[ Jul 06 2014 14:46:50 ] [/Applications/ezpublish-2014.03-0/apps/ezpublish/htdocs/ezpublish_legacy/lib/ezutils/classes/../../../var/cache/ini/design-4bd7a5d8d54d4e244e345320c64edd05.php]
[ Jul 06 2014 14:46:50 ] [var/ezdemo_site/cache/override/override_f76880e104575d0ad7832e1ab296d189.php]
[ Jul 06 2014 14:46:50 ] [var/ezdemo_site/cache/template/compiled/landing_page-f10e7b45f9e05b8b7230f0c6131c447f.php]
[ Jul 06 2014 14:46:50 ] [var/ezdemo_site/cache/template/compiled/ezpage-4369911ea61c0ff81ba546a07a2f3385.php]
[ Jul 06 2014 14:46:50 ] [/Applications/ezpublish-2014.03-0/apps/ezpublish/htdocs/ezpublish_legacy/lib/ezutils/classes/../../../var/cache/ini/zone-a3b71f8cff0921aae28f02bf1f798299.php]
[ Jul 06 2014 14:46:50 ] [var/ezdemo_site/cache/template/compiled/2zoneslayout1-dc854a0bf70fbc6e0ea7e394efbff064.php]
[ Jul 06 2014 14:46:50 ] [var/ezdemo_site/cache/template/compiled/zone_block-da84c12e4a7c5295d3f0aa6ed25b309b.php]
[ Jul 06 2014 14:46:50 ] [var/ezdemo_site/cache/template/compiled/zone_block_top-35caac2074716f859d26a87dd9594f76.php]
[ Jul 06 2014 14:46:50 ] [/Applications/ezpublish-2014.03-0/apps/ezpublish/htdocs/ezpublish_legacy/lib/ezutils/classes/../../../var/cache/ini/block-e81cc9d6242bf8fa0f0175ce4f6e3de3.php]
[ Jul 06 2014 14:46:50 ] [var/ezdemo_site/cache/template/compiled/campaign-eccc4c3b506f0026337dcbac347b04e5.php]
[ Jul 06 2014 14:46:50 ] [var/ezdemo_site/cache/template/compiled/article-59859c683fc58dd4a6e88c3ca5545971.php]
[ Jul 06 2014 14:46:50 ] [/Applications/ezpublish-2014.03-0/apps/ezpublish/htdocs/ezpublish_legacy/lib/ezutils/classes/../../../var/cache/ini/image-a3edaeee0648e4d6889dab01ca9b3dc0.php]
[ Jul 06 2014 14:46:50 ] [/Applications/ezpublish-2014.03-0/apps/ezpublish/htdocs/ezpublish_legacy/lib/ezutils/classes/../../../var/cache/ini/mime-30b8ada99aca14e9c4db2ddda2d39c07.php]
[ Jul 06 2014 14:46:50 ] [/Applications/ezpublish-2014.03-0/apps/ezpublish/htdocs/ezpublish_legacy/lib/ezutils/classes/../../../var/cache/ini/ezxml-e5959ec6c4468c56be6f350236b6a4e4.php]
[ Jul 06 2014 14:46:50 ] [var/ezdemo_site/cache/template/compiled/ezxmltext-3f6fb0e0ccf0e0cad359b6d102a17a88.php]
[ Jul 06 2014 14:46:50 ] [var/ezdemo_site/cache/template/compiled/line-99a40ba86aa99094e2553a52c8b35529.php]
[ Jul 06 2014 14:46:50 ] [var/ezdemo_site/cache/template/compiled/paragraph-36f978e3701add855440ab7723385693.php]
[ Jul 06 2014 14:46:50 ] [var/ezdemo_site/cache/template/compiled/zone_block_bottom-6ec10338d1099475c534d50dfc486384.php]
[ Jul 06 2014 14:46:50 ] [var/ezdemo_site/cache/template/compiled/content_grid_2cols_2rows-bfcde6dc78e0e948ef9ce482f8a5e72e.php]
[ Jul 06 2014 14:46:50 ] [var/ezdemo_site/cache/template/compiled/article-7c908188e86f4f4ddfd756779e9b0651.php]
[ Jul 06 2014 14:46:50 ] [var/ezdemo_site/cache/classidentifiers_d5a38ace5a21e4c6d1a9bd431e602738.php]
[ Jul 06 2014 14:46:50 ] [var/ezdemo_site/cache/template/compiled/ezimage-3f84e035780cf1eba304bef7262f5f5f.php]
[ Jul 06 2014 14:46:51 ] [var/ezdemo_site/cache/template/compiled/gallery-0fa1b4397a7fcc8cea74198950901a80.php]
[ Jul 06 2014 14:46:51 ] [var/ezdemo_site/cache/template/compiled/gallery_viewer-c3bb489e9096f26fb4ae318139540f6f.php]
[ Jul 06 2014 14:46:51 ] [var/ezdemo_site/cache/template/compiled/link-3bafd176785e1b7ae637be109687cd36.php]
[ Jul 06 2014 14:46:51 ] [var/ezdemo_site/cache/template/compiled/gallery_item-4b0a7942c024b202da302e3327fe8ba0.php]
[ Jul 06 2014 14:46:54 ] [var/ezdemo_site/cache/template/compiled/item_list-a172d7e646bba25fb67bbe48341928c7.php]
[ Jul 06 2014 14:46:54 ] [var/ezdemo_site/cache/template/compiled/tag_cloud-ab61837b3b121b219046875238344c72.php]
[ Jul 06 2014 14:46:54 ] [var/ezdemo_site/cache/template/compiled/tagcloud-43ced472daf405c6568340dff976d140.php]
[ Jul 06 2014 14:46:54 ] [var/ezdemo_site/cache/template/compiled/content_grid_1col_2rows-7381a70a5c2fee919a5c812b48d961d9.php]
[ Jul 06 2014 14:46:54 ] [var/ezdemo_site/cache/template/compiled/call_to_action-aa99b4d4b65c6f7959dad822c61c4df6.php]
[ Jul 06 2014 14:46:54 ] [var/ezdemo_site/cache/template/compiled/product-5fa7afd4a915e30f68f79f7c84078906.php]
[ Jul 06 2014 14:46:54 ] [var/ezdemo_site/cache/template/compiled/feed_reader-fee2b62bfcc8212657184d25d464556c.php]
[ Jul 06 2014 14:46:55 ] [var/ezdemo_site/cache/template/compiled/video-5bab3c165005e533c68283690632c50e.php]
[ Jul 06 2014 14:46:55 ] [/Applications/ezpublish-2014.03-0/apps/ezpublish/htdocs/ezpublish_legacy/lib/ezutils/classes/../../../var/cache/ini/menu-90290ab63cd17dd04462748130fbf5b3.php]
[ Jul 06 2014 14:46:55 ] [var/ezdemo_site/cache/template/compiled/pagelayout-b5732ae47e8832fa037de263668bb358.php]
[ Jul 06 2014 14:46:55 ] [var/ezdemo_site/cache/template/compiled/page_head_displaystyles-6df7c8ffcff96e83e163a49379494769.php]
[ Jul 06 2014 14:46:55 ] [/Applications/ezpublish-2014.03-0/apps/ezpublish/htdocs/ezpublish_legacy/lib/ezutils/classes/../../../var/cache/ini/ger-DE-51dd9e2b35ab6f5760aae84102341ead.php]
[ Jul 06 2014 14:46:55 ] [var/ezdemo_site/cache/template/compiled/page_head-9104d1dfd37b7bc89f99c06dd9f2782b.php]
[ Jul 06 2014 14:46:55 ] [var/ezdemo_site/cache/template/compiled/canonical_link-a321f6d22bc5e807784ddd3cc9925b20.php]
[ Jul 06 2014 14:46:55 ] [var/ezdemo_site/cache/template/compiled/link-497eaf25c11049fa3a1cb76522bc6c4d.php]
[ Jul 06 2014 14:46:56 ] [var/ezdemo_site/cache/template/compiled/page_head_style-1362cda8122ac89736bbfb2da8dbd77a.php]
[ Jul 06 2014 14:46:56 ] [/Applications/ezpublish-2014.03-0/apps/ezpublish/htdocs/ezpublish_legacy/lib/ezutils/classes/../../../var/cache/ini/ezjscore-109d753556bb78d2d99b7df48ae902e3.php]
[ Jul 06 2014 14:46:56 ] [var/ezdemo_site/cache/template/compiled/page_head_script-c041e299345e587224245c8f25dc70fc.php]
[ Jul 06 2014 14:46:56 ] [var/ezdemo_site/cache/template/compiled/page_header-6bbf8fc1e4603b180df110f317c028a7.php]
[ Jul 06 2014 14:46:56 ] [var/ezdemo_site/cache/template/compiled/page_header_languages-0a95ed48d261c7eb3d275adde498c167.php]
[ Jul 06 2014 14:46:56 ] [/Applications/ezpublish-2014.03-0/apps/ezpublish/htdocs/ezpublish_legacy/lib/ezutils/classes/../../../var/cache/ini/site-76d95dfa676b9e2358324e37f15507d6.php]
[ Jul 06 2014 14:46:56 ] [/Applications/ezpublish-2014.03-0/apps/ezpublish/htdocs/ezpublish_legacy/lib/ezutils/classes/../../../var/cache/ini/site-7130b236616c40c44269e17c078e5e70.php]
[ Jul 06 2014 14:46:56 ] [/Applications/ezpublish-2014.03-0/apps/ezpublish/htdocs/ezpublish_legacy/lib/ezutils/classes/../../../var/cache/ini/icon-d7811be64752111477a02da9bd86086e.php]
[ Jul 06 2014 14:46:56 ] [/Applications/ezpublish-2014.03-0/apps/ezpublish/htdocs/ezpublish_legacy/lib/ezutils/classes/../../../var/cache/ini/icon-795c46affeb8e390c7b97b5aaaa8a07d.php]
[ Jul 06 2014 14:46:56 ] [var/ezdemo_site/cache/template/compiled/page_header_links-9ba92b9ff8db850151ac6f3b4d4cd001.php]
[ Jul 06 2014 14:46:56 ] [var/ezdemo_site/cache/template/compiled/page_header_logo-78e847093cb0599556d7d48c29ecf620.php]
[ Jul 06 2014 14:46:56 ] [var/ezdemo_site/cache/template/compiled/page_header_searchbox-2d081092aecdea726005af526d8b2788.php]
[ Jul 06 2014 14:46:56 ] [var/ezdemo_site/cache/template/compiled/page_topmenu-3bd3e21c2a938c07d2ff25cb3e8c7b6d.php]
[ Jul 06 2014 14:46:56 ] [var/ezdemo_site/cache/template/compiled/double_top-609325f5c95f2d40f1784b46f951c9fc.php]
[ Jul 06 2014 14:46:56 ] [var/ezdemo_site/cache/template/compiled/page_toppath-4c5fbb1ef158d2a0335777ee4d8ba120.php]
[ Jul 06 2014 14:46:56 ] [var/ezdemo_site/cache/template/compiled/path-4118599b4190db4945668068bca36326.php]
[ Jul 06 2014 14:46:56 ] [var/ezdemo_site/cache/template/compiled/page_mainarea-ac853396a54b8d704c2b71ec5d680ab1.php]
[ Jul 06 2014 14:46:56 ] [var/ezdemo_site/cache/template/compiled/page_footer-f4bd4f1b2f412d1f024256e717b5e71d.php]
[ Jul 06 2014 14:46:56 ] [var/ezdemo_site/cache/template/compiled/address-9212bd83e8c0b607b09604583e53f663.php]
[ Jul 06 2014 14:46:56 ] [var/ezdemo_site/cache/template/compiled/latest_news-48d84d66522d6afbee6d59cf5c275ec2.php]
[ Jul 06 2014 14:46:56 ] [var/ezdemo_site/cache/template/compiled/links-b3234e4b918ccd693b5efa8882298dcb.php]
[ Jul 06 2014 14:46:56 ] [var/ezdemo_site/cache/template/compiled/li-03654fa352522457772887d64fde26b6.php]
[ Jul 06 2014 14:46:56 ] [var/ezdemo_site/cache/template/compiled/ul-c8c8a4b2d23ace5aa608bfc489dc328f.php]
[ Jul 06 2014 14:46:56 ] [var/ezdemo_site/cache/template/compiled/page_footer_script-e64c9399b12e89ac03e3fb8037b207ff.php]
[ Jul 06 2014 14:46:56 ] [/Applications/ezpublish-2014.03-0/apps/ezpublish/htdocs/ezpublish_legacy/lib/ezutils/classes/../../../var/cache/ini/mime-90963e8775e6e9ad0b12f0a99295e7a1.php]
[ Jul 06 2014 14:47:02 ] [/Applications/ezpublish-2014.03-0/apps/ezpublish/htdocs/ezpublish_legacy/lib/ezutils/classes/../../../var/cache/ini/design-6c11c2671f3cf42a30a8d003f96a840d.php]
[ Jul 06 2014 14:47:02 ] [/Applications/ezpublish-2014.03-0/apps/ezpublish/htdocs/ezpublish_legacy/lib/ezutils/classes/../../../var/cache/ini/zone-8397255b08fbe381eb3a7675d6c4aa7d.php]
[ Jul 06 2014 14:47:02 ] [var/ezdemo_site/cache/template/compiled/2zoneslayout2-fe2a7815435380d29b4038b58f0f4784.php]
[ Jul 06 2014 14:47:02 ] [/Applications/ezpublish-2014.03-0/apps/ezpublish/htdocs/ezpublish_legacy/lib/ezutils/classes/../../../var/cache/ini/block-cdce06d980891b20a1f71de97f7097ae.php]
[ Jul 06 2014 14:47:02 ] [var/ezdemo_site/cache/template/compiled/highlighted_item-339fae3037130cf1c48a9296bed08b9d.php]
[ Jul 06 2014 14:47:02 ] [/Applications/ezpublish-2014.03-0/apps/ezpublish/htdocs/ezpublish_legacy/lib/ezutils/classes/../../../var/cache/ini/image-46b3aba136a5c85f941036a09245af76.php]
[ Jul 06 2014 14:47:02 ] [/Applications/ezpublish-2014.03-0/apps/ezpublish/htdocs/ezpublish_legacy/lib/ezutils/classes/../../../var/cache/ini/ezxml-2edd19314ba04fda77c6b47b203fdffb.php]
[ Jul 06 2014 14:47:02 ] [var/ezdemo_site/cache/template/compiled/content_grid_1col_4rows-ee16bb629165fd53c7db6a524c37c5a5.php]
[ Jul 06 2014 14:47:02 ] [/Applications/ezpublish-2014.03-0/apps/ezpublish/htdocs/ezpublish_legacy/lib/ezutils/classes/../../../var/cache/ini/menu-d96eb56d1121c8ab203f802fc7f90446.php]
[ Jul 06 2014 14:47:02 ] [/Applications/ezpublish-2014.03-0/apps/ezpublish/htdocs/ezpublish_legacy/lib/ezutils/classes/../../../var/cache/ini/ger-DE-5789fa1a517da57003e9b1d1d7456dc6.php]
[ Jul 06 2014 14:47:02 ] [/Applications/ezpublish-2014.03-0/apps/ezpublish/htdocs/ezpublish_legacy/lib/ezutils/classes/../../../var/cache/ini/ezjscore-3eb428e14e2754f1ca3228b3577c16ab.php]
[ Jul 06 2014 14:47:02 ] [/Applications/ezpublish-2014.03-0/apps/ezpublish/htdocs/ezpublish_legacy/lib/ezutils/classes/../../../var/cache/ini/icon-6a262c311699e7f344fc621125c48239.php]
[ Jul 06 2014 14:47:02 ] [/Applications/ezpublish-2014.03-0/apps/ezpublish/htdocs/ezpublish_legacy/lib/ezutils/classes/../../../var/cache/ini/icon-22e3c1dd11a6edad143639a4365f9955.php]
[ Jul 06 2014 14:48:54 ] [/Applications/ezpublish-2014.03-0/apps/ezpublish/htdocs/ezpublish_legacy/lib/ezutils/classes/../../../var/cache/ini/site-9c2739528f5677af1e371bab0e418e04.php]
[ Jul 06 2014 14:48:54 ] [/Applications/ezpublish-2014.03-0/apps/ezpublish/htdocs/ezpublish_legacy/lib/ezutils/classes/../../../var/cache/ini/module-32b3cf69973bf28c50c0a81bdc2e3411.php]
[ Jul 06 2014 14:48:54 ] [/Applications/ezpublish-2014.03-0/apps/ezpublish/htdocs/ezpublish_legacy/lib/ezutils/classes/../../../var/cache/ini/file-9486eca1dc1b6202a041cdf8321fd6f1.php]
[ Jul 06 2014 14:48:54 ] [/Applications/ezpublish-2014.03-0/apps/ezpublish/htdocs/ezpublish_legacy/lib/ezutils/classes/../../../var/cache/ini/debug-b49f831ee9908b7a3472f74102d255ef.php]
[ Jul 06 2014 14:48:54 ] [/Applications/ezpublish-2014.03-0/apps/ezpublish/htdocs/ezpublish_legacy/lib/ezutils/classes/../../../var/cache/ini/eng-GB-f4be26b3704b3cfd958d3f4e4859b824.php]
[ Jul 06 2014 14:48:54 ] [/Applications/ezpublish-2014.03-0/apps/ezpublish/htdocs/ezpublish_legacy/lib/ezutils/classes/../../../var/cache/ini/template-9820931710aa275b502e715efec888fa.php]
[ Jul 06 2014 14:48:54 ] [/Applications/ezpublish-2014.03-0/apps/ezpublish/htdocs/ezpublish_legacy/lib/ezutils/classes/../../../var/cache/ini/texttoimage-ef35305fc682746509aee909b52b553f.php]
[ Jul 06 2014 14:48:54 ] [var/cache//active_extensions_c80fe2ede097f6662ce050f63b240963.php]
[ Jul 06 2014 14:48:54 ] [/Applications/ezpublish-2014.03-0/apps/ezpublish/htdocs/ezpublish_legacy/lib/ezutils/classes/../../../var/cache/ini/override-7e2f0ab143892e8fe37311addb3c0850.php]
[ Jul 06 2014 14:48:54 ] [/Applications/ezpublish-2014.03-0/apps/ezpublish/htdocs/ezpublish_legacy/lib/ezutils/classes/../../../var/cache/ini/design-7f1c38d976dfaea699a6b8cb65b0ffef.php]
[ Jul 06 2014 14:48:54 ] [var/ezdemo_site/cache/override/override_fecfebad7a5323c33d9bc47122749f15.php]
[ Jul 06 2014 14:48:54 ] [var/ezdemo_site/cache/template/compiled/common.php]
[ Jul 06 2014 14:48:54 ] [var/ezdemo_site/cache/template/compiled/cache-a897a60085bb4cf5d4922a7e55d644d0.php]
[ Jul 06 2014 14:48:54 ] [/Applications/ezpublish-2014.03-0/apps/ezpublish/htdocs/ezpublish_legacy/lib/ezutils/classes/../../../var/cache/ini/menu-0c2b48f98b8d19403703472b9e834f78.php]
[ Jul 06 2014 14:48:54 ] [/Applications/ezpublish-2014.03-0/apps/ezpublish/htdocs/ezpublish_legacy/lib/ezutils/classes/../../../var/cache/ini/toolbar-f6de2b686a8f1b50164328981f48d66d.php]
[ Jul 06 2014 14:48:54 ] [var/ezdemo_site/cache/template/compiled/pagelayout-1b9128e7982fd9d3f959d3459b9fa4f6.php]
[ Jul 06 2014 14:48:54 ] [var/ezdemo_site/cache/template/compiled/page_head-a4aa62d21bee53dd2f80ae5151940f4c.php]
[ Jul 06 2014 14:48:54 ] [var/ezdemo_site/cache/template/compiled/canonical_link-fa321f08bdb709c6cb766622351552a8.php]
[ Jul 06 2014 14:48:54 ] [var/ezdemo_site/cache/template/compiled/link-aee2e089b712146a79abc4a6fb14f153.php]
[ Jul 06 2014 14:48:54 ] [var/ezdemo_site/cache/template/compiled/page_head_style-6b532998dcd7393a71d3ac66baebcee3.php]
[ Jul 06 2014 14:48:54 ] [/Applications/ezpublish-2014.03-0/apps/ezpublish/htdocs/ezpublish_legacy/lib/ezutils/classes/../../../var/cache/ini/ezjscore-3af7f849288c33f9010818fbdb843cc6.php]
[ Jul 06 2014 14:48:54 ] [var/ezdemo_site/cache/template/compiled/page_head_style_inline-b47a2a92690d36c46e1ee76773957d9b.php]
[ Jul 06 2014 14:48:54 ] [var/ezdemo_site/cache/template/compiled/page_head_script-fe1cbecafcbcc01a13df55f4d8dd732e.php]
[ Jul 06 2014 14:48:54 ] [var/ezdemo_site/cache/template/compiled/page_header-7307a8f957a6b4fde65f626f3b30f09c.php]
[ Jul 06 2014 14:48:54 ] [/Applications/ezpublish-2014.03-0/apps/ezpublish/htdocs/ezpublish_legacy/lib/ezutils/classes/../../../var/cache/ini/ezfind-75b2474d99836042f896f3841b4b8955.php]
[ Jul 06 2014 14:48:54 ] [var/ezdemo_site/cache/template/compiled/page_search-26135dc0d7d5f7092650773aec46266b.php]
[ Jul 06 2014 14:48:54 ] [var/ezdemo_site/cache/template/compiled/page_topmenu-c0a60faa8a9b1f08e9dd6f6158f14761.php]
[ Jul 06 2014 14:48:54 ] [var/ezdemo_site/cache/template/compiled/page_topmenuitem-513418db7a3e5e854fa83b6443726dd1.php]
[ Jul 06 2014 14:48:54 ] [var/ezdemo_site/cache/template/compiled/page_leftmenu-d5cd66c626b78574b970b4d9784df1c9.php]
[ Jul 06 2014 14:48:54 ] [var/ezdemo_site/cache/template/compiled/menu-2126e8941cea6d831742e023f9f37a55.php]
[ Jul 06 2014 14:48:54 ] [var/ezdemo_site/cache/template/compiled/ini_menu-550871c619be4d7b483ef4e06c68f75c.php]
[ Jul 06 2014 14:48:54 ] [var/ezdemo_site/cache/template/compiled/page_toppath-e04c129310139edc22e41e54c258059a.php]
[ Jul 06 2014 14:48:54 ] [var/ezdemo_site/cache/template/compiled/page_mainarea-c63760c009e90522b8b9ef1b5807aebc.php]
[ Jul 06 2014 14:48:54 ] [var/ezdemo_site/cache/template/compiled/page_copyright-c5f9cdf30e6cacf59ec003c1b839635a.php]
[ Jul 06 2014 14:48:54 ] [/Applications/ezpublish-2014.03-0/apps/ezpublish/htdocs/ezpublish_legacy/lib/ezutils/classes/../../../var/cache/ini/admininterface-e01ac0ef37b45da7fff921e83007f2ec.php]
[ Jul 06 2014 14:48:54 ] [var/ezdemo_site/cache/template/compiled/popup_menu-f97d8df56fba76b13f5f4923621ae7d6.php]
[ Jul 06 2014 14:48:54 ] [/Applications/ezpublish-2014.03-0/apps/ezpublish/htdocs/ezpublish_legacy/lib/ezutils/classes/../../../var/cache/ini/ger-DE-38bd444463eb97f54dcb397d7e3c6692.php]
[ Jul 06 2014 14:48:54 ] [var/ezdemo_site/cache/template/compiled/popup_context_menu-385303cc745cf00f2251be997e11fd50.php]
[ Jul 06 2014 14:48:54 ] [var/ezdemo_site/cache/template/compiled/oocontextmenu-babfc602857082bf37026bed13f01fdf.php]
[ Jul 06 2014 14:48:54 ] [var/ezdemo_site/cache/template/compiled/ezflcontextmenu-ae7596ae85b78c1048fd74ce65f5a428.php]
[ Jul 06 2014 14:48:54 ] [var/ezdemo_site/cache/template/compiled/ezfindcontextmenu-99c4af996e2446fb3e42aaa9c4d8959d.php]
[ Jul 06 2014 14:48:55 ] [var/ezdemo_site/cache/template/compiled/ezmucontextmenu-713ff2fdfb49878b8b27b0b651a84070.php]
[ Jul 06 2014 14:48:55 ] [var/ezdemo_site/cache/template/compiled/popup_subitems_menu-dc15a5df1f1d1437f8fb05a1e720ce80.php]
[ Jul 06 2014 14:48:55 ] [var/ezdemo_site/cache/template/compiled/oosubitemscontextmenu-c5e96224be17293cfac1f4fd240c6992.php]
[ Jul 06 2014 14:48:55 ] [var/ezdemo_site/cache/template/compiled/ezflsubitemscontextmenu-a18428c435d667cf5cfe4248687ec2ed.php]
[ Jul 06 2014 14:48:55 ] [var/ezdemo_site/cache/template/compiled/ezfindsubitemscontextmenu-c896d6608db06b1d96f0dc4f2f8e82ce.php]
[ Jul 06 2014 14:48:55 ] [var/ezdemo_site/cache/template/compiled/ezmusubitemscontextmenu-ec6861be50afcea3f151f3bd4176d4a6.php]
[ Jul 06 2014 14:48:55 ] [var/ezdemo_site/cache/template/compiled/popup_class_menu-d6d94f2aa8244847d5177b8fc540e5c9.php]
[ Jul 06 2014 14:48:55 ] [var/ezdemo_site/cache/template/compiled/popup_bookmark_menu-5ba451fc4e71fd27e990b7e9e0b33bbb.php]
[ Jul 06 2014 14:48:55 ] [var/ezdemo_site/cache/template/compiled/oocontextsubmenu-3226ddf731659c319bd6978129555fb9.php]
[ Jul 06 2014 14:48:55 ] [var/ezdemo_site/cache/template/compiled/ezflcontextsubmenu-c950a836d128380446c88f4167431728.php]
[ Jul 06 2014 14:48:55 ] [var/ezdemo_site/cache/template/compiled/popup_tag_menu-ff17bacb1444e3a03f416ba0a99d4f8c.php]
[ Jul 06 2014 14:48:55 ] [var/ezdemo_site/cache/template/compiled/ezfindcontextsubmenu-ee24b1d431312d08264d667c6acbc3d4.php]
[ Jul 06 2014 14:48:55 ] [var/ezdemo_site/cache/template/compiled/popup_sub_createhere_menu-739222d6a4fabd78c9a454f8c1bdc48a.php]
[ Jul 06 2014 14:48:55 ] [var/ezdemo_site/cache/template/compiled/popup_sub_edit_menu-15872fb8af41c2dc17a1f20b7d392cc5.php]
[ Jul 06 2014 14:48:55 ] [var/ezdemo_site/cache/template/compiled/popup_sub_advance_menu-9037b4177199a688fb87dd447a71ce35.php]
[ Jul 06 2014 14:48:55 ] [var/ezdemo_site/cache/template/compiled/popup_sub_editclass_menu-b393c5e7cadd6345a32abb5640981d37.php]
[ Jul 06 2014 14:48:55 ] [var/ezdemo_site/cache/template/compiled/popup_sub_siteaccess_menus-1210cb5d5f53db447ce19a66bb01bfb8.php]
[ Jul 06 2014 14:48:58 ] [/Applications/ezpublish-2014.03-0/apps/ezpublish/htdocs/ezpublish_legacy/lib/ezutils/classes/../../../var/cache/ini/site-c1623af31c16fc3ffee5a05097e95dd6.php]
[ Jul 06 2014 14:48:58 ] [/Applications/ezpublish-2014.03-0/apps/ezpublish/htdocs/ezpublish_legacy/lib/ezutils/classes/../../../var/cache/ini/i18n-678d2accc237fa9079b9b3abc491748f.php]
[ Jul 06 2014 14:48:58 ] [/Applications/ezpublish-2014.03-0/apps/ezpublish/htdocs/ezpublish_legacy/lib/ezutils/classes/../../../var/cache/ini/i18n-f7061ade0fe840d15a8c81f654b48eb1.php]
[ Jul 06 2014 14:48:58 ] [/Applications/ezpublish-2014.03-0/apps/ezpublish/htdocs/ezpublish_legacy/lib/ezutils/classes/../../../var/cache/ini/file-33c0d0b2750379ea6bbc0a7c3b47cab4.php]
[ Jul 06 2014 14:48:58 ] [/Applications/ezpublish-2014.03-0/apps/ezpublish/htdocs/ezpublish_legacy/lib/ezutils/classes/../../../var/cache/ini/debug-30b58d57277a91a861853a35747eb10e.php]
[ Jul 06 2014 14:48:58 ] [/Applications/ezpublish-2014.03-0/apps/ezpublish/htdocs/ezpublish_legacy/lib/ezutils/classes/../../../var/cache/ini/site-d4101089b7aceedb4486e12b269f0d49.php]
[ Jul 06 2014 14:48:58 ] [/Applications/ezpublish-2014.03-0/apps/ezpublish/htdocs/ezpublish_legacy/lib/ezutils/classes/../../../var/cache/ini/template-d98c52ea5269657ffd81d2c8814ff40e.php]
[ Jul 06 2014 14:48:58 ] [/Applications/ezpublish-2014.03-0/apps/ezpublish/htdocs/ezpublish_legacy/lib/ezutils/classes/../../../var/cache/ini/site-80332f2de5bbb9ba7b45139e3a988ca7.php]
[ Jul 06 2014 14:48:58 ] [/Applications/ezpublish-2014.03-0/apps/ezpublish/htdocs/ezpublish_legacy/lib/ezutils/classes/../../../var/cache/ini/module-bdeaf19e33680d9ec15de453c4bcb756.php]
[ Jul 06 2014 14:48:58 ] [/Applications/ezpublish-2014.03-0/apps/ezpublish/htdocs/ezpublish_legacy/lib/ezutils/classes/../../../var/cache/ini/debug-d297d076ca17b19cc35d1dc3db08713b.php]
[ Jul 06 2014 14:48:58 ] [/Applications/ezpublish-2014.03-0/apps/ezpublish/htdocs/ezpublish_legacy/lib/ezutils/classes/../../../var/cache/ini/eng-GB-ed8ab811d09cf04fdb67e50982475436.php]
[ Jul 06 2014 14:48:58 ] [/Applications/ezpublish-2014.03-0/apps/ezpublish/htdocs/ezpublish_legacy/lib/ezutils/classes/../../../var/cache/ini/template-534a663df806e450f615bc590e719c35.php]
[ Jul 06 2014 14:48:58 ] [/Applications/ezpublish-2014.03-0/apps/ezpublish/htdocs/ezpublish_legacy/lib/ezutils/classes/../../../var/cache/ini/file-d75dafd3239808a5f02ed0d1edf7575e.php]
[ Jul 06 2014 14:48:58 ] [var/ezdemo_site/cache/statelimitations_d5a38ace5a21e4c6d1a9bd431e602738.php]
[ Jul 06 2014 14:48:58 ] [/Applications/ezpublish-2014.03-0/apps/ezpublish/htdocs/ezpublish_legacy/lib/ezutils/classes/../../../var/cache/ini/content-234dde21d16847359bba72eede79309b.php]
[ Jul 06 2014 14:48:58 ] [/Applications/ezpublish-2014.03-0/apps/ezpublish/htdocs/ezpublish_legacy/lib/ezutils/classes/../../../var/cache/ini/workflow-af3a4a8ba01c714a139ec88922b8b061.php]
[ Jul 06 2014 14:48:58 ] [/Applications/ezpublish-2014.03-0/apps/ezpublish/htdocs/ezpublish_legacy/lib/ezutils/classes/../../../var/cache/ini/override-1c9e861a5d244dc4fe77a401c553d94b.php]
[ Jul 06 2014 14:48:58 ] [/Applications/ezpublish-2014.03-0/apps/ezpublish/htdocs/ezpublish_legacy/lib/ezutils/classes/../../../var/cache/ini/design-4bd7a5d8d54d4e244e345320c64edd05.php]
[ Jul 06 2014 14:48:59 ] [var/ezdemo_site/cache/override/override_f76880e104575d0ad7832e1ab296d189.php]
[ Jul 06 2014 14:48:59 ] [var/ezdemo_site/cache/template/compiled/landing_page-f10e7b45f9e05b8b7230f0c6131c447f.php]
[ Jul 06 2014 14:48:59 ] [var/ezdemo_site/cache/template/compiled/ezpage-4369911ea61c0ff81ba546a07a2f3385.php]
[ Jul 06 2014 14:48:59 ] [/Applications/ezpublish-2014.03-0/apps/ezpublish/htdocs/ezpublish_legacy/lib/ezutils/classes/../../../var/cache/ini/zone-a3b71f8cff0921aae28f02bf1f798299.php]
[ Jul 06 2014 14:48:59 ] [var/ezdemo_site/cache/template/compiled/2zoneslayout1-dc854a0bf70fbc6e0ea7e394efbff064.php]
[ Jul 06 2014 14:48:59 ] [var/ezdemo_site/cache/template/compiled/zone_block-da84c12e4a7c5295d3f0aa6ed25b309b.php]
[ Jul 06 2014 14:48:59 ] [var/ezdemo_site/cache/template/compiled/zone_block_top-35caac2074716f859d26a87dd9594f76.php]
[ Jul 06 2014 14:48:59 ] [/Applications/ezpublish-2014.03-0/apps/ezpublish/htdocs/ezpublish_legacy/lib/ezutils/classes/../../../var/cache/ini/block-e81cc9d6242bf8fa0f0175ce4f6e3de3.php]
[ Jul 06 2014 14:48:59 ] [var/ezdemo_site/cache/template/compiled/campaign-eccc4c3b506f0026337dcbac347b04e5.php]
[ Jul 06 2014 14:48:59 ] [var/ezdemo_site/cache/template/compiled/article-59859c683fc58dd4a6e88c3ca5545971.php]
[ Jul 06 2014 14:48:59 ] [/Applications/ezpublish-2014.03-0/apps/ezpublish/htdocs/ezpublish_legacy/lib/ezutils/classes/../../../var/cache/ini/image-a3edaeee0648e4d6889dab01ca9b3dc0.php]
[ Jul 06 2014 14:48:59 ] [/Applications/ezpublish-2014.03-0/apps/ezpublish/htdocs/ezpublish_legacy/lib/ezutils/classes/../../../var/cache/ini/mime-30b8ada99aca14e9c4db2ddda2d39c07.php]
[ Jul 06 2014 14:48:59 ] [/Applications/ezpublish-2014.03-0/apps/ezpublish/htdocs/ezpublish_legacy/lib/ezutils/classes/../../../var/cache/ini/ezxml-e5959ec6c4468c56be6f350236b6a4e4.php]
[ Jul 06 2014 14:48:59 ] [var/ezdemo_site/cache/template/compiled/ezxmltext-3f6fb0e0ccf0e0cad359b6d102a17a88.php]
[ Jul 06 2014 14:48:59 ] [var/ezdemo_site/cache/template/compiled/line-99a40ba86aa99094e2553a52c8b35529.php]
[ Jul 06 2014 14:48:59 ] [var/ezdemo_site/cache/template/compiled/paragraph-36f978e3701add855440ab7723385693.php]
[ Jul 06 2014 14:48:59 ] [var/ezdemo_site/cache/template/compiled/zone_block_bottom-6ec10338d1099475c534d50dfc486384.php]
[ Jul 06 2014 14:48:59 ] [var/ezdemo_site/cache/template/compiled/content_grid_2cols_2rows-bfcde6dc78e0e948ef9ce482f8a5e72e.php]
[ Jul 06 2014 14:48:59 ] [var/ezdemo_site/cache/template/compiled/article-7c908188e86f4f4ddfd756779e9b0651.php]
[ Jul 06 2014 14:48:59 ] [var/ezdemo_site/cache/classidentifiers_d5a38ace5a21e4c6d1a9bd431e602738.php]
[ Jul 06 2014 14:48:59 ] [var/ezdemo_site/cache/template/compiled/ezimage-3f84e035780cf1eba304bef7262f5f5f.php]
[ Jul 06 2014 14:48:59 ] [var/ezdemo_site/cache/template/compiled/gallery-0fa1b4397a7fcc8cea74198950901a80.php]
[ Jul 06 2014 14:48:59 ] [var/ezdemo_site/cache/template/compiled/gallery_viewer-c3bb489e9096f26fb4ae318139540f6f.php]
[ Jul 06 2014 14:49:00 ] [var/ezdemo_site/cache/template/compiled/link-3bafd176785e1b7ae637be109687cd36.php]
[ Jul 06 2014 14:49:00 ] [var/ezdemo_site/cache/template/compiled/gallery_item-4b0a7942c024b202da302e3327fe8ba0.php]
[ Jul 06 2014 14:49:02 ] [var/ezdemo_site/cache/template/compiled/item_list-a172d7e646bba25fb67bbe48341928c7.php]
[ Jul 06 2014 14:49:02 ] [var/ezdemo_site/cache/template/compiled/tag_cloud-ab61837b3b121b219046875238344c72.php]
[ Jul 06 2014 14:49:02 ] [var/ezdemo_site/cache/template/compiled/tagcloud-43ced472daf405c6568340dff976d140.php]
[ Jul 06 2014 14:49:02 ] [var/ezdemo_site/cache/template/compiled/content_grid_1col_2rows-7381a70a5c2fee919a5c812b48d961d9.php]
[ Jul 06 2014 14:49:02 ] [var/ezdemo_site/cache/template/compiled/call_to_action-aa99b4d4b65c6f7959dad822c61c4df6.php]
[ Jul 06 2014 14:49:02 ] [var/ezdemo_site/cache/template/compiled/product-5fa7afd4a915e30f68f79f7c84078906.php]
[ Jul 06 2014 14:49:02 ] [var/ezdemo_site/cache/template/compiled/feed_reader-fee2b62bfcc8212657184d25d464556c.php]
[ Jul 06 2014 14:49:03 ] [var/ezdemo_site/cache/template/compiled/video-5bab3c165005e533c68283690632c50e.php]
[ Jul 06 2014 14:49:03 ] [/Applications/ezpublish-2014.03-0/apps/ezpublish/htdocs/ezpublish_legacy/lib/ezutils/classes/../../../var/cache/ini/menu-90290ab63cd17dd04462748130fbf5b3.php]
[ Jul 06 2014 14:49:03 ] [var/ezdemo_site/cache/template/compiled/pagelayout-b5732ae47e8832fa037de263668bb358.php]
[ Jul 06 2014 14:49:03 ] [var/ezdemo_site/cache/template/compiled/page_head_displaystyles-6df7c8ffcff96e83e163a49379494769.php]
[ Jul 06 2014 14:49:03 ] [/Applications/ezpublish-2014.03-0/apps/ezpublish/htdocs/ezpublish_legacy/lib/ezutils/classes/../../../var/cache/ini/ger-DE-51dd9e2b35ab6f5760aae84102341ead.php]
[ Jul 06 2014 14:49:04 ] [var/ezdemo_site/cache/template/compiled/page_head-9104d1dfd37b7bc89f99c06dd9f2782b.php]
[ Jul 06 2014 14:49:04 ] [var/ezdemo_site/cache/template/compiled/canonical_link-a321f6d22bc5e807784ddd3cc9925b20.php]
[ Jul 06 2014 14:49:04 ] [var/ezdemo_site/cache/template/compiled/link-497eaf25c11049fa3a1cb76522bc6c4d.php]
[ Jul 06 2014 14:49:04 ] [var/ezdemo_site/cache/template/compiled/page_head_style-1362cda8122ac89736bbfb2da8dbd77a.php]
[ Jul 06 2014 14:49:04 ] [/Applications/ezpublish-2014.03-0/apps/ezpublish/htdocs/ezpublish_legacy/lib/ezutils/classes/../../../var/cache/ini/ezjscore-109d753556bb78d2d99b7df48ae902e3.php]
[ Jul 06 2014 14:49:04 ] [var/ezdemo_site/cache/template/compiled/page_head_script-c041e299345e587224245c8f25dc70fc.php]
[ Jul 06 2014 14:49:04 ] [var/ezdemo_site/cache/template/compiled/page_header-6bbf8fc1e4603b180df110f317c028a7.php]
[ Jul 06 2014 14:49:04 ] [var/ezdemo_site/cache/template/compiled/page_header_languages-0a95ed48d261c7eb3d275adde498c167.php]
[ Jul 06 2014 14:49:04 ] [/Applications/ezpublish-2014.03-0/apps/ezpublish/htdocs/ezpublish_legacy/lib/ezutils/classes/../../../var/cache/ini/site-76d95dfa676b9e2358324e37f15507d6.php]
[ Jul 06 2014 14:49:04 ] [/Applications/ezpublish-2014.03-0/apps/ezpublish/htdocs/ezpublish_legacy/lib/ezutils/classes/../../../var/cache/ini/site-7130b236616c40c44269e17c078e5e70.php]
[ Jul 06 2014 14:49:04 ] [/Applications/ezpublish-2014.03-0/apps/ezpublish/htdocs/ezpublish_legacy/lib/ezutils/classes/../../../var/cache/ini/icon-d7811be64752111477a02da9bd86086e.php]
[ Jul 06 2014 14:49:04 ] [/Applications/ezpublish-2014.03-0/apps/ezpublish/htdocs/ezpublish_legacy/lib/ezutils/classes/../../../var/cache/ini/icon-795c46affeb8e390c7b97b5aaaa8a07d.php]
[ Jul 06 2014 14:49:04 ] [var/ezdemo_site/cache/template/compiled/page_header_links-9ba92b9ff8db850151ac6f3b4d4cd001.php]
[ Jul 06 2014 14:49:04 ] [var/ezdemo_site/cache/template/compiled/page_header_logo-78e847093cb0599556d7d48c29ecf620.php]
[ Jul 06 2014 14:49:04 ] [var/ezdemo_site/cache/template/compiled/page_header_searchbox-2d081092aecdea726005af526d8b2788.php]
[ Jul 06 2014 14:49:04 ] [var/ezdemo_site/cache/template/compiled/page_topmenu-3bd3e21c2a938c07d2ff25cb3e8c7b6d.php]
[ Jul 06 2014 14:49:04 ] [var/ezdemo_site/cache/template/compiled/double_top-609325f5c95f2d40f1784b46f951c9fc.php]
[ Jul 06 2014 14:49:04 ] [var/ezdemo_site/cache/template/compiled/page_toppath-4c5fbb1ef158d2a0335777ee4d8ba120.php]
[ Jul 06 2014 14:49:04 ] [var/ezdemo_site/cache/template/compiled/path-4118599b4190db4945668068bca36326.php]
[ Jul 06 2014 14:49:04 ] [var/ezdemo_site/cache/template/compiled/page_mainarea-ac853396a54b8d704c2b71ec5d680ab1.php]
[ Jul 06 2014 14:49:04 ] [var/ezdemo_site/cache/template/compiled/page_footer-f4bd4f1b2f412d1f024256e717b5e71d.php]
[ Jul 06 2014 14:49:04 ] [var/ezdemo_site/cache/template/compiled/address-9212bd83e8c0b607b09604583e53f663.php]
[ Jul 06 2014 14:49:04 ] [var/ezdemo_site/cache/template/compiled/latest_news-48d84d66522d6afbee6d59cf5c275ec2.php]
[ Jul 06 2014 14:49:04 ] [var/ezdemo_site/cache/template/compiled/links-b3234e4b918ccd693b5efa8882298dcb.php]
[ Jul 06 2014 14:49:04 ] [var/ezdemo_site/cache/template/compiled/li-03654fa352522457772887d64fde26b6.php]
[ Jul 06 2014 14:49:04 ] [var/ezdemo_site/cache/template/compiled/ul-c8c8a4b2d23ace5aa608bfc489dc328f.php]
[ Jul 06 2014 14:49:04 ] [var/ezdemo_site/cache/template/compiled/page_footer_script-e64c9399b12e89ac03e3fb8037b207ff.php]
[ Jul 06 2014 14:49:04 ] [/Applications/ezpublish-2014.03-0/apps/ezpublish/htdocs/ezpublish_legacy/lib/ezutils/classes/../../../var/cache/ini/mime-90963e8775e6e9ad0b12f0a99295e7a1.php]
[ Jul 06 2014 14:49:14 ] [/Applications/ezpublish-2014.03-0/apps/ezpublish/htdocs/ezpublish_legacy/lib/ezutils/classes/../../../var/cache/ini/design-6c11c2671f3cf42a30a8d003f96a840d.php]
[ Jul 06 2014 14:49:14 ] [/Applications/ezpublish-2014.03-0/apps/ezpublish/htdocs/ezpublish_legacy/lib/ezutils/classes/../../../var/cache/ini/zone-8397255b08fbe381eb3a7675d6c4aa7d.php]
[ Jul 06 2014 14:49:15 ] [var/ezdemo_site/cache/template/compiled/2zoneslayout2-fe2a7815435380d29b4038b58f0f4784.php]
[ Jul 06 2014 14:49:15 ] [/Applications/ezpublish-2014.03-0/apps/ezpublish/htdocs/ezpublish_legacy/lib/ezutils/classes/../../../var/cache/ini/block-cdce06d980891b20a1f71de97f7097ae.php]
[ Jul 06 2014 14:49:15 ] [var/ezdemo_site/cache/template/compiled/highlighted_item-339fae3037130cf1c48a9296bed08b9d.php]
[ Jul 06 2014 14:49:15 ] [/Applications/ezpublish-2014.03-0/apps/ezpublish/htdocs/ezpublish_legacy/lib/ezutils/classes/../../../var/cache/ini/image-46b3aba136a5c85f941036a09245af76.php]
[ Jul 06 2014 14:49:15 ] [/Applications/ezpublish-2014.03-0/apps/ezpublish/htdocs/ezpublish_legacy/lib/ezutils/classes/../../../var/cache/ini/ezxml-2edd19314ba04fda77c6b47b203fdffb.php]
[ Jul 06 2014 14:49:15 ] [var/ezdemo_site/cache/template/compiled/content_grid_1col_4rows-ee16bb629165fd53c7db6a524c37c5a5.php]
[ Jul 06 2014 14:49:15 ] [/Applications/ezpublish-2014.03-0/apps/ezpublish/htdocs/ezpublish_legacy/lib/ezutils/classes/../../../var/cache/ini/menu-d96eb56d1121c8ab203f802fc7f90446.php]
[ Jul 06 2014 14:49:15 ] [/Applications/ezpublish-2014.03-0/apps/ezpublish/htdocs/ezpublish_legacy/lib/ezutils/classes/../../../var/cache/ini/ger-DE-5789fa1a517da57003e9b1d1d7456dc6.php]
[ Jul 06 2014 14:49:15 ] [/Applications/ezpublish-2014.03-0/apps/ezpublish/htdocs/ezpublish_legacy/lib/ezutils/classes/../../../var/cache/ini/ezjscore-3eb428e14e2754f1ca3228b3577c16ab.php]
[ Jul 06 2014 14:49:15 ] [/Applications/ezpublish-2014.03-0/apps/ezpublish/htdocs/ezpublish_legacy/lib/ezutils/classes/../../../var/cache/ini/icon-6a262c311699e7f344fc621125c48239.php]
[ Jul 06 2014 14:49:15 ] [/Applications/ezpublish-2014.03-0/apps/ezpublish/htdocs/ezpublish_legacy/lib/ezutils/classes/../../../var/cache/ini/icon-22e3c1dd11a6edad143639a4365f9955.php]
[ Jul 06 2014 14:49:28 ] [/Applications/ezpublish-2014.03-0/apps/ezpublish/htdocs/ezpublish_legacy/lib/ezutils/classes/../../../var/cache/ini/site-9c2739528f5677af1e371bab0e418e04.php]
[ Jul 06 2014 14:49:28 ] [/Applications/ezpublish-2014.03-0/apps/ezpublish/htdocs/ezpublish_legacy/lib/ezutils/classes/../../../var/cache/ini/module-32b3cf69973bf28c50c0a81bdc2e3411.php]
[ Jul 06 2014 14:49:28 ] [/Applications/ezpublish-2014.03-0/apps/ezpublish/htdocs/ezpublish_legacy/lib/ezutils/classes/../../../var/cache/ini/file-9486eca1dc1b6202a041cdf8321fd6f1.php]
[ Jul 06 2014 14:49:28 ] [/Applications/ezpublish-2014.03-0/apps/ezpublish/htdocs/ezpublish_legacy/lib/ezutils/classes/../../../var/cache/ini/debug-b49f831ee9908b7a3472f74102d255ef.php]
[ Jul 06 2014 14:49:28 ] [/Applications/ezpublish-2014.03-0/apps/ezpublish/htdocs/ezpublish_legacy/lib/ezutils/classes/../../../var/cache/ini/eng-GB-f4be26b3704b3cfd958d3f4e4859b824.php]
[ Jul 06 2014 14:49:28 ] [/Applications/ezpublish-2014.03-0/apps/ezpublish/htdocs/ezpublish_legacy/lib/ezutils/classes/../../../var/cache/ini/template-9820931710aa275b502e715efec888fa.php]
[ Jul 06 2014 14:49:28 ] [/Applications/ezpublish-2014.03-0/apps/ezpublish/htdocs/ezpublish_legacy/lib/ezutils/classes/../../../var/cache/ini/content-39d697f8126567f48fd53db87a1284ad.php]
[ Jul 06 2014 14:49:28 ] [/Applications/ezpublish-2014.03-0/apps/ezpublish/htdocs/ezpublish_legacy/lib/ezutils/classes/../../../var/cache/ini/workflow-d7ca1320d4bec60308e98833232af64e.php]
[ Jul 06 2014 14:49:28 ] [/Applications/ezpublish-2014.03-0/apps/ezpublish/htdocs/ezpublish_legacy/lib/ezutils/classes/../../../var/cache/ini/design-54276c6a69ce809c0e38ff56329d87be.php]
[ Jul 06 2014 14:49:28 ] [var/ezdemo_site/cache/template/compiled/full-9b291fa0067f2e29b9f9a7f8d2d093ee.php]
[ Jul 06 2014 14:49:28 ] [var/ezdemo_site/cache/template/compiled/infocollection_validation-e9bad58db9fda6dd9c30a5e43a8e74fc.php]
[ Jul 06 2014 14:49:28 ] [/Applications/ezpublish-2014.03-0/apps/ezpublish/htdocs/ezpublish_legacy/lib/ezutils/classes/../../../var/cache/ini/icon-bb21b899c81a8f8569e38ac78645777d.php]
[ Jul 06 2014 14:49:28 ] [/Applications/ezpublish-2014.03-0/apps/ezpublish/htdocs/ezpublish_legacy/lib/ezutils/classes/../../../var/cache/ini/icon-9f2366d9a93c4af2a0241cf1e29653e0.php]
[ Jul 06 2014 14:49:28 ] [/Applications/ezpublish-2014.03-0/apps/ezpublish/htdocs/ezpublish_legacy/lib/ezutils/classes/../../../var/cache/ini/icon-c641c69cc395fc646290a52302355b59.php]
[ Jul 06 2014 14:49:28 ] [/Applications/ezpublish-2014.03-0/apps/ezpublish/htdocs/ezpublish_legacy/lib/ezutils/classes/../../../var/cache/ini/admininterface-3a34f68559ac13b9c6df9d35382b58c0.php]
[ Jul 06 2014 14:49:28 ] [var/ezdemo_site/cache/template/compiled/window_controls-057d8997a94725f3756e1c36367eb825.php]
[ Jul 06 2014 14:49:28 ] [/Applications/ezpublish-2014.03-0/apps/ezpublish/htdocs/ezpublish_legacy/lib/ezutils/classes/../../../var/cache/ini/ger-DE-9a65dc257f4faded994b5c8bc9b6a35d.php]
[ Jul 06 2014 14:49:28 ] [var/ezdemo_site/cache/template/compiled/window_controls_extratabs-447f9d30a60d20c511e6e7e05777cbc4.php]
[ Jul 06 2014 14:49:28 ] [var/ezdemo_site/cache/template/compiled/windows-0d4691bf51eedbc6dab9cf6678dbd094.php]
[ Jul 06 2014 14:49:28 ] [var/ezdemo_site/cache/template/compiled/preview-4595a5a807dfaf05aff51f8ce5a3c624.php]
[ Jul 06 2014 14:49:28 ] [var/ezdemo_site/cache/template/compiled/admin_preview-007cfc25968eab05a6d4b0e4a0436ea8.php]
[ Jul 06 2014 14:49:28 ] [/Applications/ezpublish-2014.03-0/apps/ezpublish/htdocs/ezpublish_legacy/lib/ezutils/classes/../../../var/cache/ini/datatype-bee2625bda4837f28692bdac8d010a98.php]
[ Jul 06 2014 14:49:28 ] [var/ezdemo_site/cache/template/compiled/ezstring-9729ac7b671ac25799db58757477405b.php]
[ Jul 06 2014 14:49:28 ] [var/ezdemo_site/cache/template/compiled/ezpage-b3925dbf34cbd579b776d9788c101aaa.php]
[ Jul 06 2014 14:49:28 ] [/Applications/ezpublish-2014.03-0/apps/ezpublish/htdocs/ezpublish_legacy/lib/ezutils/classes/../../../var/cache/ini/zone-437aa76b284b9a1254b11d37f6355174.php]
[ Jul 06 2014 14:49:28 ] [var/ezdemo_site/cache/template/compiled/2zoneslayout1-2f0d30c5c4faf40a351b836f359ea5f6.php]
[ Jul 06 2014 14:49:28 ] [var/ezdemo_site/cache/template/compiled/zone_block-c7437fec7014ab9920def3b038463453.php]
[ Jul 06 2014 14:49:28 ] [var/ezdemo_site/cache/template/compiled/zone_block_top-38d4cc8825358b077dc275f13dd9f354.php]
[ Jul 06 2014 14:49:28 ] [/Applications/ezpublish-2014.03-0/apps/ezpublish/htdocs/ezpublish_legacy/lib/ezutils/classes/../../../var/cache/ini/block-387c8eed40daa6ee256b6fbfbde09ee5.php]
[ Jul 06 2014 14:49:28 ] [var/ezdemo_site/cache/template/compiled/view-ed35d62e0db50958c91c6c2a7d4c2817.php]
[ Jul 06 2014 14:49:28 ] [var/ezdemo_site/cache/template/compiled/zone_block_bottom-fbb284795f79554acc3e4cd3d6ad0478.php]
[ Jul 06 2014 14:49:28 ] [var/ezdemo_site/cache/template/compiled/details-0e4c59ea3fa2e61b2a9bfc494c409299.php]
[ Jul 06 2014 14:49:28 ] [var/ezdemo_site/cache/template/compiled/translations-da5389986d5e8f3bf0c6afffbd364d80.php]
[ Jul 06 2014 14:49:29 ] [var/ezdemo_site/cache/template/compiled/locations-8156fe3345fcf2224c6eededd4b78f6d.php]
[ Jul 06 2014 14:49:29 ] [var/ezdemo_site/cache/template/compiled/relations-960eb889f59ba5b02ec2c44b9e0bf229.php]
[ Jul 06 2014 14:49:29 ] [var/ezdemo_site/cache/template/compiled/google-554a656933521ce548bd55f9e04b5ab7.php]
[ Jul 06 2014 14:49:29 ] [var/ezdemo_site/cache/template/compiled/ordering-6b039a9096685b223eae92862e4b951d.php]
[ Jul 06 2014 14:49:29 ] [var/ezdemo_site/cache/template/compiled/windows_extratabs-634dcf99af6971ea810088020423c8e2.php]
[ Jul 06 2014 14:49:29 ] [var/ezdemo_site/cache/template/compiled/children-f2e008f063135843c1147e65fc49edc7.php]
[ Jul 06 2014 14:49:29 ] [var/ezdemo_site/cache/template/compiled/children_detailed-b0fd0799bdf7657ff8e5bf62881aed24.php]
[ Jul 06 2014 14:49:29 ] [/Applications/ezpublish-2014.03-0/apps/ezpublish/htdocs/ezpublish_legacy/lib/ezutils/classes/../../../var/cache/ini/contentstructuremenu-cfc0354963647e159bd487aa50c43dbb.php]
[ Jul 06 2014 14:49:29 ] [var/ezdemo_site/cache/template/compiled/alphabetical-9a93c864cd6b0e13c11771ad8d7fb76c.php]
[ Jul 06 2014 14:49:29 ] [/Applications/ezpublish-2014.03-0/apps/ezpublish/htdocs/ezpublish_legacy/lib/ezutils/classes/../../../var/cache/ini/menu-7d789b022d5025547a33ce0b20b84892.php]
[ Jul 06 2014 14:49:29 ] [/Applications/ezpublish-2014.03-0/apps/ezpublish/htdocs/ezpublish_legacy/lib/ezutils/classes/../../../var/cache/ini/ezjscore-2a1c972b78384327ea90b905b2f0a7e6.php]
[ Jul 06 2014 14:49:29 ] [var/ezdemo_site/cache/template/compiled/menu-a6092cfafc607a802dd7c2e0817409ff.php]
[ Jul 06 2014 14:49:29 ] [var/ezdemo_site/cache/template/compiled/content_structure_menu_dynamic-f1ad466b425a17e04f83caab87797844.php]
[ Jul 06 2014 14:49:30 ] [/Applications/ezpublish-2014.03-0/apps/ezpublish/htdocs/ezpublish_legacy/lib/ezutils/classes/../../../var/cache/ini/image-c704154a2bdf5729260edaaf74250e78.php]
[ Jul 06 2014 14:49:32 ] [/Applications/ezpublish-2014.03-0/apps/ezpublish/htdocs/ezpublish_legacy/lib/ezutils/classes/../../../var/cache/ini/transform-e5ef968561578b9a4a356239ce592a89.php]
[ Jul 06 2014 14:49:32 ] [var/ezdemo_site/cache/codepages/36e48c5d322c489dd3ee4e51ffda1494.php]
[ Jul 06 2014 14:49:32 ] [var/ezdemo_site/cache/trans/g-lowercase-635518252-utf-8.ctt.php]
[ Jul 06 2014 14:49:32 ] [var/ezdemo_site/cache/template/compiled/edit-151b59de750cc14d166161419680d678.php]
[ Jul 06 2014 14:49:32 ] [var/ezdemo_site/cache/template/compiled/edit_menu-f0bb21d7ab6152dc3b4756541e842bbd.php]
[ Jul 06 2014 14:49:32 ] [var/ezdemo_site/cache/template/compiled/add_to_block_frontpage-c544a54f837ab597ecfa08d19d63a972.php]
[ Jul 06 2014 14:49:33 ] [var/ezdemo_site/cache/template/compiled/object_information-6e176ded339a22668ea990f65dac7f04.php]
[ Jul 06 2014 14:49:33 ] [var/ezdemo_site/cache/template/compiled/edit_validation-ceabc5bb2180c21495f90a5ed07f1d5c.php]
[ Jul 06 2014 14:49:33 ] [/Applications/ezpublish-2014.03-0/apps/ezpublish/htdocs/ezpublish_legacy/lib/ezutils/classes/../../../var/cache/ini/autosave-4acf6722e9bb1e28fa3dc5c9dd0a2e37.php]
[ Jul 06 2014 14:49:33 ] [var/ezdemo_site/cache/template/compiled/autosave-8842a82730a335bc7779f398287f7308.php]
[ Jul 06 2014 14:49:33 ] [var/ezdemo_site/cache/template/compiled/edit_attribute-50123880802f331a0344521cbd814a00.php]
[ Jul 06 2014 14:49:33 ] [var/ezdemo_site/cache/template/compiled/ezstring-0a0ecc1dd042ab641a81a55bfffa8ad8.php]
[ Jul 06 2014 14:49:33 ] [var/ezdemo_site/cache/template/compiled/ezpage-4f02c9a882dacf6263dd1f2eb77fb4f6.php]
[ Jul 06 2014 14:49:33 ] [/Applications/ezpublish-2014.03-0/apps/ezpublish/htdocs/ezpublish_legacy/lib/ezutils/classes/../../../var/cache/ini/units-604c1a1b64cda567ea762673de9c4fd4.php]
[ Jul 06 2014 14:49:33 ] [var/ezdemo_site/cache/template/compiled/edit_relations-683ec6f71cf21a7170303a75c03a6728.php]
[ Jul 06 2014 14:49:33 ] [var/ezdemo_site/cache/template/compiled/zone-4c3558bbc38904e61f20303e6ea9c63a.php]
[ Jul 06 2014 14:49:34 ] [var/ezdemo_site/cache/template/compiled/edit-c9317ad46731fa91dd48d74da018fde2.php]
[ Jul 06 2014 14:49:38 ] [var/ezdemo_site/cache/classattributeidentifiers_d5a38ace5a21e4c6d1a9bd431e602738.php]
[ Jul 06 2014 14:49:38 ] [/Applications/ezpublish-2014.03-0/apps/ezpublish/htdocs/ezpublish_legacy/lib/ezutils/classes/../../../var/cache/ini/site-d4b9af1b08a852c174512c0907fdac13.php]
[ Jul 06 2014 14:49:38 ] [var/ezdemo_site/cache/template/compiled/ajax_preview-87d2d2c445b6f4eb0b5a805c935fa25c.php]
[ Jul 06 2014 14:49:40 ] [/Applications/ezpublish-2014.03-0/apps/ezpublish/htdocs/ezpublish_legacy/lib/ezutils/classes/../../../var/cache/ini/browse-7696938dd8e75b187d30b53f90459f13.php]
[ Jul 06 2014 14:49:41 ] [var/ezdemo_site/cache/template/compiled/browse-7a773af63871640def4354014f3aebd8.php]
[ Jul 06 2014 14:49:41 ] [var/ezdemo_site/cache/template/compiled/browse_mode_list-bfda290ed4c8330b363cf1223ac74d47.php]
[ Jul 06 2014 14:49:56 ] [/Applications/ezpublish-2014.03-0/apps/ezpublish/htdocs/ezpublish_legacy/lib/ezutils/classes/../../../var/cache/ini/debug-455bb9ce9062a4fad2ddc83de1e68391.php]
[ Jul 06 2014 14:49:56 ] [/Applications/ezpublish-2014.03-0/apps/ezpublish/htdocs/ezpublish_legacy/lib/ezutils/classes/../../../var/cache/ini/module-777335a86f91a41422b37795026cec4b.php]
[ Jul 06 2014 14:49:56 ] [/Applications/ezpublish-2014.03-0/apps/ezpublish/htdocs/ezpublish_legacy/lib/ezutils/classes/../../../var/cache/ini/file-56fa50a89e066cf4d809b8260ee28e48.php]
[ Jul 06 2014 14:49:56 ] [/Applications/ezpublish-2014.03-0/apps/ezpublish/htdocs/ezpublish_legacy/lib/ezutils/classes/../../../var/cache/ini/template-4de41d9d903ffca4ff4d1603dae93847.php]
[ Jul 06 2014 14:49:56 ] [/Applications/ezpublish-2014.03-0/apps/ezpublish/htdocs/ezpublish_legacy/lib/ezutils/classes/../../../var/cache/ini/content-bfa7472bf3bf7cf157fafbdec6fd4b30.php]
[ Jul 06 2014 14:49:56 ] [/Applications/ezpublish-2014.03-0/apps/ezpublish/htdocs/ezpublish_legacy/lib/ezutils/classes/../../../var/cache/ini/override-4cdb066d0a23dbc8de722091a633f01a.php]
[ Jul 06 2014 14:49:56 ] [/Applications/ezpublish-2014.03-0/apps/ezpublish/htdocs/ezpublish_legacy/lib/ezutils/classes/../../../var/cache/ini/design-5cb2bfa622f23f6295ace5c624cd16d0.php]
[ Jul 06 2014 14:49:56 ] [var/ezdemo_site/cache/override/override_f00671ba6c14d9f953832d8c91f9a2db.php]
[ Jul 06 2014 14:49:56 ] [/Applications/ezpublish-2014.03-0/apps/ezpublish/htdocs/ezpublish_legacy/lib/ezutils/classes/../../../var/cache/ini/eng-GB-66dff4b78361f6740941112918f0dc2c.php]
[ Jul 06 2014 14:49:56 ] [var/ezdemo_site/cache/template/compiled/landing_page-050e14383c3989a02596307c5ed5cf1b.php]
[ Jul 06 2014 14:49:56 ] [var/ezdemo_site/cache/template/compiled/ezpage-9d36362828adbf1d212fe72ff93c7dba.php]
[ Jul 06 2014 14:49:56 ] [/Applications/ezpublish-2014.03-0/apps/ezpublish/htdocs/ezpublish_legacy/lib/ezutils/classes/../../../var/cache/ini/zone-df5bfe4f17e4ba94c88e44b6e8c76fc0.php]
[ Jul 06 2014 14:49:56 ] [var/ezdemo_site/cache/template/compiled/2zoneslayout1-2d879af1f083d31952fee30fae025621.php]
[ Jul 06 2014 14:49:56 ] [var/ezdemo_site/cache/template/compiled/zone_block-ca094e10581d5967fee6732fd9ee2ee5.php]
[ Jul 06 2014 14:49:56 ] [var/ezdemo_site/cache/template/compiled/zone_block_top-8bf2372c1c1096d46d0cf34bfa1d5da9.php]
[ Jul 06 2014 14:49:56 ] [/Applications/ezpublish-2014.03-0/apps/ezpublish/htdocs/ezpublish_legacy/lib/ezutils/classes/../../../var/cache/ini/block-8b5fe1cfbefb0ef39428fb242071aa27.php]
[ Jul 06 2014 14:49:56 ] [var/ezdemo_site/cache/template/compiled/campaign-b31b76ebe6b044297bc447ab3bc430ba.php]
[ Jul 06 2014 14:49:56 ] [var/ezdemo_site/cache/template/compiled/article-95acecd816637eac6663cc1811f0f662.php]
[ Jul 06 2014 14:49:56 ] [/Applications/ezpublish-2014.03-0/apps/ezpublish/htdocs/ezpublish_legacy/lib/ezutils/classes/../../../var/cache/ini/image-488f9aca74eebccb64538993943f4cb6.php]
[ Jul 06 2014 14:49:56 ] [/Applications/ezpublish-2014.03-0/apps/ezpublish/htdocs/ezpublish_legacy/lib/ezutils/classes/../../../var/cache/ini/ezxml-ee96f61ff69a4bb60bef50c74655c725.php]
[ Jul 06 2014 14:49:56 ] [var/ezdemo_site/cache/template/compiled/ezxmltext-4cadce640c956b43eef2a87426c0be8f.php]
[ Jul 06 2014 14:49:56 ] [var/ezdemo_site/cache/template/compiled/line-595b048b979fc204e31096376e8936b6.php]
[ Jul 06 2014 14:49:56 ] [var/ezdemo_site/cache/template/compiled/paragraph-515ddd95cd127befdd251b4164ed387a.php]
[ Jul 06 2014 14:49:56 ] [var/ezdemo_site/cache/template/compiled/zone_block_bottom-caf9743f58f8db8caf605cde82722108.php]
[ Jul 06 2014 14:49:56 ] [var/ezdemo_site/cache/template/compiled/content_grid_2cols_2rows-29c2e30b11d847578a6df05391471887.php]
[ Jul 06 2014 14:49:56 ] [var/ezdemo_site/cache/template/compiled/article-2cba43e3fbe8a73c28771fb902e13458.php]
[ Jul 06 2014 14:49:56 ] [var/ezdemo_site/cache/template/compiled/ezimage-617aaef11fc6fe11f28fe503b1c0026c.php]
[ Jul 06 2014 14:49:56 ] [var/ezdemo_site/cache/template/compiled/gallery-fddace1dc5629e0df7e479e94f7351b2.php]
[ Jul 06 2014 14:49:56 ] [var/ezdemo_site/cache/template/compiled/gallery_viewer-4ca3468dea35283684deffdd7fcaf943.php]
[ Jul 06 2014 14:49:56 ] [var/ezdemo_site/cache/template/compiled/link-2ae97c850219f8d227cc53d67c24950a.php]
[ Jul 06 2014 14:49:56 ] [var/ezdemo_site/cache/template/compiled/gallery_item-3dd369c87f366a2f28277e59efbec98c.php]
[ Jul 06 2014 14:49:57 ] [var/ezdemo_site/cache/template/compiled/item_list-f13b1ef75304c011b6de1abe9160dc91.php]
[ Jul 06 2014 14:49:57 ] [var/ezdemo_site/cache/template/compiled/tag_cloud-882c72cb03563e343f10180123134f2a.php]
[ Jul 06 2014 14:49:57 ] [var/ezdemo_site/cache/template/compiled/tagcloud-3fc68e1b55691174b7a6e071c29408a8.php]
[ Jul 06 2014 14:49:57 ] [var/ezdemo_site/cache/template/compiled/content_grid_1col_2rows-0fa1c351d52d2b90cb38c5dbaec3b5d2.php]
[ Jul 06 2014 14:49:57 ] [var/ezdemo_site/cache/template/compiled/call_to_action-aef3cf742050f50c5007f05af1ac61bf.php]
[ Jul 06 2014 14:49:57 ] [var/ezdemo_site/cache/template/compiled/product-fae91c0d260fa5794ebb063d44ebf111.php]
[ Jul 06 2014 14:49:57 ] [var/ezdemo_site/cache/template/compiled/feed_reader-ec669ee13d7a93c84dcfa7cb83dff8c9.php]
[ Jul 06 2014 14:49:58 ] [var/ezdemo_site/cache/template/compiled/video-3b12a636a885fa68ea847efdb7b1b887.php]
[ Jul 06 2014 14:49:58 ] [/Applications/ezpublish-2014.03-0/apps/ezpublish/htdocs/ezpublish_legacy/lib/ezutils/classes/../../../var/cache/ini/menu-c61653de678bbb3ebf33f965ffa91e3d.php]
[ Jul 06 2014 14:49:58 ] [var/ezdemo_site/cache/template/compiled/pagelayout-931c0da3ab72b03f79f1ca2fbe454520.php]
[ Jul 06 2014 14:49:58 ] [var/ezdemo_site/cache/template/compiled/page_head_displaystyles-d4243c5f144d09e247dbfdb609a8ed85.php]
[ Jul 06 2014 14:49:58 ] [/Applications/ezpublish-2014.03-0/apps/ezpublish/htdocs/ezpublish_legacy/lib/ezutils/classes/../../../var/cache/ini/ger-DE-e9e50cab0c3871f880cd97fa3f7b7e33.php]
[ Jul 06 2014 14:49:58 ] [var/ezdemo_site/cache/template/compiled/page_head-6456234f0cf697a2497c7b856809a877.php]
[ Jul 06 2014 14:49:58 ] [var/ezdemo_site/cache/template/compiled/canonical_link-8d82ba388deaad9f5a6e763cdbbdc3dd.php]
[ Jul 06 2014 14:49:58 ] [var/ezdemo_site/cache/template/compiled/link-092a29995da4bb2defba5bbecd821a95.php]
[ Jul 06 2014 14:49:58 ] [var/ezdemo_site/cache/template/compiled/page_head_style-b3a98b6f95137bd03fae28fc8705507e.php]
[ Jul 06 2014 14:49:58 ] [/Applications/ezpublish-2014.03-0/apps/ezpublish/htdocs/ezpublish_legacy/lib/ezutils/classes/../../../var/cache/ini/ezjscore-37d4d3a18f51acea543b4e46e9740129.php]
[ Jul 06 2014 14:49:58 ] [var/ezdemo_site/cache/template/compiled/page_head_script-4889d7db2550c3b0d5a984d8fde9e275.php]
[ Jul 06 2014 14:49:58 ] [var/ezdemo_site/cache/template/compiled/page_header-3411ac31417c3d19ed28dbc8f626ee7d.php]
[ Jul 06 2014 14:49:59 ] [var/ezdemo_site/cache/template/compiled/page_header_languages-097418f6ba7ba432dfd42bada5370db3.php]
[ Jul 06 2014 14:49:59 ] [/Applications/ezpublish-2014.03-0/apps/ezpublish/htdocs/ezpublish_legacy/lib/ezutils/classes/../../../var/cache/ini/site-af9ab6d546295bd446916c0ac91a3876.php]
[ Jul 06 2014 14:49:59 ] [/Applications/ezpublish-2014.03-0/apps/ezpublish/htdocs/ezpublish_legacy/lib/ezutils/classes/../../../var/cache/ini/icon-b72b6ebcad1cf1012e050e3fe178a060.php]
[ Jul 06 2014 14:49:59 ] [/Applications/ezpublish-2014.03-0/apps/ezpublish/htdocs/ezpublish_legacy/lib/ezutils/classes/../../../var/cache/ini/icon-676eba8e065190dffc35fa0dcf4238be.php]
[ Jul 06 2014 14:49:59 ] [var/ezdemo_site/cache/template/compiled/page_header_links-6fe291e406c7f76303de2e78f3a15fb6.php]
[ Jul 06 2014 14:49:59 ] [var/ezdemo_site/cache/template/compiled/page_header_logo-6ab89714449e0a3c140210bca5892031.php]
[ Jul 06 2014 14:49:59 ] [var/ezdemo_site/cache/template/compiled/page_header_searchbox-dfb26a6784af8e4a3a7647277aba3e40.php]
[ Jul 06 2014 14:49:59 ] [var/ezdemo_site/cache/template/compiled/page_topmenu-9aa7655b39ea919446cde5dee623dc77.php]
[ Jul 06 2014 14:49:59 ] [var/ezdemo_site/cache/template/compiled/double_top-d1a010d8302e54cfbfb34f5756953f9c.php]
[ Jul 06 2014 14:49:59 ] [var/ezdemo_site/cache/template/compiled/page_toppath-82824ac97d534efcb6738215d24fdaaa.php]
[ Jul 06 2014 14:49:59 ] [var/ezdemo_site/cache/template/compiled/path-b969d3e83a193913faf97809fe4f4c88.php]
[ Jul 06 2014 14:49:59 ] [var/ezdemo_site/cache/template/compiled/page_mainarea-57297006099827648e145659a1cbf9e3.php]
[ Jul 06 2014 14:49:59 ] [var/ezdemo_site/cache/template/compiled/page_footer-80939c0a5d7b6d5247137f66f7ca494b.php]
[ Jul 06 2014 14:49:59 ] [var/ezdemo_site/cache/template/compiled/address-575f0241d8efd0d0fbd39fb0101b5fff.php]
[ Jul 06 2014 14:49:59 ] [var/ezdemo_site/cache/template/compiled/latest_news-feec985140dcf765dbf7cbbcf2556e1a.php]
[ Jul 06 2014 14:49:59 ] [var/ezdemo_site/cache/template/compiled/links-f8c0a19d86978d50b3f5698cd9ac37e9.php]
[ Jul 06 2014 14:49:59 ] [var/ezdemo_site/cache/template/compiled/li-8bd4bba4fd1f654ada92c8c34a50239a.php]
[ Jul 06 2014 14:49:59 ] [var/ezdemo_site/cache/template/compiled/ul-8a4ecccaa4fa26168ad2c781893852ce.php]
[ Jul 06 2014 14:49:59 ] [var/ezdemo_site/cache/template/compiled/page_footer_script-abcced097c8f772976c1562a0c98beb7.php]
[ Jul 06 2014 14:49:59 ] [/Applications/ezpublish-2014.03-0/apps/ezpublish/htdocs/ezpublish_legacy/lib/ezutils/classes/../../../var/cache/ini/ezflow-3021c05213d7e2d9b921f2198012c25d.php]
[ Jul 06 2014 14:49:59 ] [/Applications/ezpublish-2014.03-0/apps/ezpublish/htdocs/ezpublish_legacy/lib/ezutils/classes/../../../var/cache/ini/viewcache-1b0d0ba7fba73bd1f699d4a70b8476f8.php]
[ Jul 06 2014 14:49:59 ] [/Applications/ezpublish-2014.03-0/apps/ezpublish/htdocs/ezpublish_legacy/lib/ezutils/classes/../../../var/cache/ini/http-3225baf158e0959a4bf2e34ffa816773.php]
[ Jul 06 2014 14:49:59 ] [/Applications/ezpublish-2014.03-0/apps/ezpublish/htdocs/ezpublish_legacy/lib/ezutils/classes/../../../var/cache/ini/squid-01694440ef15180fe21e0c3d9e4aa7f9.php]
[ Jul 06 2014 14:49:59 ] [/Applications/ezpublish-2014.03-0/apps/ezpublish/htdocs/ezpublish_legacy/lib/ezutils/classes/../../../var/cache/ini/solr-231c55b73f554f54ce5050cb0e38fb44.php]
[ Jul 06 2014 14:49:59 ] [/Applications/ezpublish-2014.03-0/apps/ezpublish/htdocs/ezpublish_legacy/lib/ezutils/classes/../../../var/cache/ini/ezfind-51d7a7e1244e0385195415205348db89.php]
[ Jul 06 2014 14:49:59 ] [/Applications/ezpublish-2014.03-0/apps/ezpublish/htdocs/ezpublish_legacy/lib/ezutils/classes/../../../var/cache/ini/notification-214b7fabe84a7688653146e09de0671b.php]
[ Jul 06 2014 14:50:21 ] [var/ezdemo_site/cache/template/compiled/folder-c0226af649eb1a13366219064ecc8bc8.php]
[ Jul 06 2014 14:50:26 ] [/Applications/ezpublish-2014.03-0/apps/ezpublish/htdocs/ezpublish_legacy/lib/ezutils/classes/../../../var/cache/ini/mime-59443f096f96463d00e8f0ad9170e05c.php]
[ Jul 06 2014 14:51:11 ] [var/ezdemo_site/cache/template/compiled/article-0b9d173d6d40e5a39b46fd3930aab23f.php]
[ Jul 06 2014 14:51:11 ] [var/ezdemo_site/cache/template/compiled/ezauthor-d763e82f61a1c9053efd94fe7d92e39b.php]
[ Jul 06 2014 14:51:11 ] [/Applications/ezpublish-2014.03-0/apps/ezpublish/htdocs/ezpublish_legacy/lib/ezutils/classes/../../../var/cache/ini/ezxml-eaf378a9a00f049dfa8e1144e36a2fa6.php]
[ Jul 06 2014 14:51:11 ] [var/ezdemo_site/cache/template/compiled/ezxmltext-a854140498bdf92123850c60677c51a8.php]
[ Jul 06 2014 14:51:11 ] [var/ezdemo_site/cache/template/compiled/link-9455e962e974819df0ff1845968cc42d.php]
[ Jul 06 2014 14:51:11 ] [var/ezdemo_site/cache/template/compiled/li-282809e945ea99a36bf5d2fdd3e747e1.php]
[ Jul 06 2014 14:51:11 ] [var/ezdemo_site/cache/template/compiled/ul-960f55c40e4741abfe7262b46eefb0b7.php]
[ Jul 06 2014 14:51:11 ] [/Applications/ezpublish-2014.03-0/apps/ezpublish/htdocs/ezpublish_legacy/lib/ezutils/classes/../../../var/cache/ini/ezcomments-f7b5210ff2ac0da51c961d71705401bb.php]
[ Jul 06 2014 14:51:15 ] [var/ezdemo_site/cache/template/compiled/add_to_block-77984b5aa14b4ca6b51b2759cf71834a.php]
[ Jul 06 2014 14:51:15 ] [var/ezdemo_site/cache/template/compiled/ezauthor-75a66359d6a19e0ae60d3c9661c9fdf7.php]
[ Jul 06 2014 14:51:15 ] [var/ezdemo_site/cache/template/compiled/ezxmltext_ezoe-6298256e9b8e988dc03ffbd86e068773.php]
[ Jul 06 2014 14:51:15 ] [/Applications/ezpublish-2014.03-0/apps/ezpublish/htdocs/ezpublish_legacy/lib/ezutils/classes/../../../var/cache/ini/ezoe-e62a9ee543d603a9ff3f1a76c5c37d46.php]
[ Jul 06 2014 14:51:15 ] [var/ezdemo_site/cache/template/compiled/ezimage-3e01c66bec740b0cb8567810fac2921b.php]
[ Jul 06 2014 14:51:15 ] [var/ezdemo_site/cache/template/compiled/gui-5ffbf33249652884ee01e1fe85eb3360.php]
[ Jul 06 2014 14:51:15 ] [var/ezdemo_site/cache/template/compiled/ezdatetime-7df0d2ffe8a046d7f594a8e2f2605bd1.php]
[ Jul 06 2014 14:51:15 ] [var/ezdemo_site/cache/template/compiled/ezsrrating-bcb04a9c763407c2ad4a527bc7e756fa.php]
[ Jul 06 2014 14:51:15 ] [var/ezdemo_site/cache/template/compiled/ezkeyword-997422e98f3e2e1cd18348609758cf4c.php]
[ Jul 06 2014 14:51:15 ] [/Applications/ezpublish-2014.03-0/apps/ezpublish/htdocs/ezpublish_legacy/lib/ezutils/classes/../../../var/cache/ini/ezgmaplocation-5531431237294e712a064ca698013bee.php]
[ Jul 06 2014 14:51:15 ] [var/ezdemo_site/cache/template/compiled/ezgmaplocation-4ed1863ac7b996c2d848379d2c52d7e8.php]
[ Jul 06 2014 14:51:15 ] [var/ezdemo_site/cache/template/compiled/ezcomcomments-9fc7e3be393a9743089d50befee9a879.php]
